{"C:\\Users\\Administrator\\OneDrive\\Desktop\\accomodation\\src\\index.ts": {"path":"C:\\Users\\Administrator\\OneDrive\\Desktop\\accomodation\\src\\index.ts","statementMap":{"0":{"start":{"line":1,"column":0},"end":{"line":1,"column":33}},"1":{"start":{"line":2,"column":0},"end":{"line":2,"column":30}},"2":{"start":{"line":3,"column":0},"end":{"line":3,"column":70}},"3":{"start":{"line":93,"column":20},"end":{"line":98,"column":1}},"4":{"start":{"line":94,"column":23},"end":{"line":96,"column":14}},"5":{"start":{"line":97,"column":2},"end":{"line":97,"column":null}},"6":{"start":{"line":135,"column":23},"end":{"line":135,"column":46}},"7":{"start":{"line":136,"column":2},"end":{"line":140,"column":3}},"8":{"start":{"line":137,"column":4},"end":{"line":137,"column":null}},"9":{"start":{"line":139,"column":4},"end":{"line":139,"column":null}},"10":{"start":{"line":146,"column":0},"end":{"line":149,"column":3}},"11":{"start":{"line":147,"column":2},"end":{"line":147,"column":53}},"12":{"start":{"line":148,"column":2},"end":{"line":148,"column":18}}},"fnMap":{"0":{"name":"(anonymous_1)","decl":{"start":{"line":93,"column":20},"end":{"line":93,"column":25}},"loc":{"start":{"line":93,"column":45},"end":{"line":98,"column":1}}},"1":{"name":"main","decl":{"start":{"line":100,"column":15},"end":{"line":100,"column":19}},"loc":{"start":{"line":100,"column":19},"end":{"line":143,"column":1}}},"2":{"name":"(anonymous_3)","decl":{"start":{"line":146,"column":13},"end":{"line":146,"column":14}},"loc":{"start":{"line":146,"column":23},"end":{"line":149,"column":1}}}},"branchMap":{"0":{"loc":{"start":{"line":136,"column":2},"end":{"line":140,"column":3}},"type":"if","locations":[{"start":{"line":136,"column":2},"end":{"line":140,"column":3}},{"start":{"line":138,"column":9},"end":{"line":140,"column":3}}]}},"s":{"0":0,"1":0,"2":0,"3":0,"4":0,"5":0,"6":0,"7":0,"8":0,"9":0,"10":0,"11":0,"12":0},"f":{"0":0,"1":0,"2":0},"b":{"0":[0,0]}}
,"C:\\Users\\Administrator\\OneDrive\\Desktop\\accomodation\\src\\server.ts": {"path":"C:\\Users\\Administrator\\OneDrive\\Desktop\\accomodation\\src\\server.ts","statementMap":{"0":{"start":{"line":1,"column":0},"end":{"line":1,"column":51}},"1":{"start":{"line":2,"column":0},"end":{"line":2,"column":37}},"2":{"start":{"line":3,"column":0},"end":{"line":3,"column":47}},"3":{"start":{"line":4,"column":0},"end":{"line":4,"column":40}},"4":{"start":{"line":5,"column":0},"end":{"line":5,"column":48}},"5":{"start":{"line":6,"column":0},"end":{"line":6,"column":45}},"6":{"start":{"line":7,"column":0},"end":{"line":7,"column":38}},"7":{"start":{"line":9,"column":0},"end":{"line":9,"column":29}},"8":{"start":{"line":11,"column":12},"end":{"line":11,"column":21}},"9":{"start":{"line":12,"column":13},"end":{"line":12,"column":17}},"10":{"start":{"line":19,"column":0},"end":{"line":19,"column":null}},"11":{"start":{"line":22,"column":0},"end":{"line":22,"column":null}},"12":{"start":{"line":23,"column":0},"end":{"line":23,"column":null}},"13":{"start":{"line":24,"column":0},"end":{"line":24,"column":null}},"14":{"start":{"line":25,"column":0},"end":{"line":25,"column":null}},"15":{"start":{"line":26,"column":0},"end":{"line":26,"column":null}},"16":{"start":{"line":27,"column":0},"end":{"line":27,"column":null}},"17":{"start":{"line":28,"column":0},"end":{"line":28,"column":null}},"18":{"start":{"line":30,"column":0},"end":{"line":30,"column":null}},"19":{"start":{"line":30,"column":27},"end":{"line":30,"column":51}},"20":{"start":{"line":31,"column":0},"end":{"line":31,"column":null}},"21":{"start":{"line":31,"column":23},"end":{"line":31,"column":86}}},"fnMap":{"0":{"name":"(anonymous_1)","decl":{"start":{"line":30,"column":13},"end":{"line":30,"column":14}},"loc":{"start":{"line":30,"column":27},"end":{"line":30,"column":51}}},"1":{"name":"(anonymous_2)","decl":{"start":{"line":31,"column":17},"end":{"line":31,"column":20}},"loc":{"start":{"line":31,"column":23},"end":{"line":31,"column":86}}}},"branchMap":{},"s":{"0":0,"1":0,"2":0,"3":0,"4":0,"5":0,"6":0,"7":0,"8":0,"9":0,"10":0,"11":0,"12":0,"13":0,"14":0,"15":0,"16":0,"17":0,"18":0,"19":0,"20":0,"21":0},"f":{"0":0,"1":0},"b":{}}
,"C:\\Users\\Administrator\\OneDrive\\Desktop\\accomodation\\src\\Drizzle\\db.ts": {"path":"C:\\Users\\Administrator\\OneDrive\\Desktop\\accomodation\\src\\Drizzle\\db.ts","statementMap":{"0":{"start":{"line":1,"column":0},"end":{"line":1,"column":23}},"1":{"start":{"line":2,"column":0},"end":{"line":2,"column":52}},"2":{"start":{"line":3,"column":0},"end":{"line":3,"column":28}},"3":{"start":{"line":4,"column":0},"end":{"line":4,"column":34}},"4":{"start":{"line":5,"column":13},"end":{"line":7,"column":null}},"5":{"start":{"line":8,"column":13},"end":{"line":10,"column":1}},"6":{"start":{"line":9,"column":2},"end":{"line":9,"column":25}},"7":{"start":{"line":11,"column":0},"end":{"line":15,"column":3}},"8":{"start":{"line":12,"column":2},"end":{"line":12,"column":null}},"9":{"start":{"line":14,"column":2},"end":{"line":14,"column":59}},"10":{"start":{"line":16,"column":11},"end":{"line":16,"column":52}},"11":{"start":{"line":17,"column":0},"end":{"line":17,"column":18}}},"fnMap":{"0":{"name":"(anonymous_9)","decl":{"start":{"line":8,"column":13},"end":{"line":8,"column":18}},"loc":{"start":{"line":8,"column":23},"end":{"line":10,"column":1}}},"1":{"name":"(anonymous_10)","decl":{"start":{"line":11,"column":12},"end":{"line":11,"column":14}},"loc":{"start":{"line":11,"column":16},"end":{"line":13,"column":1}}},"2":{"name":"(anonymous_11)","decl":{"start":{"line":13,"column":9},"end":{"line":13,"column":10}},"loc":{"start":{"line":13,"column":18},"end":{"line":15,"column":1}}}},"branchMap":{},"s":{"0":0,"1":0,"2":0,"3":0,"4":0,"5":0,"6":0,"7":0,"8":0,"9":0,"10":0,"11":0},"f":{"0":0,"1":0,"2":0},"b":{}}
,"C:\\Users\\Administrator\\OneDrive\\Desktop\\accomodation\\src\\Drizzle\\migrate.ts": {"path":"C:\\Users\\Administrator\\OneDrive\\Desktop\\accomodation\\src\\Drizzle\\migrate.ts","statementMap":{"0":{"start":{"line":1,"column":0},"end":{"line":1,"column":23}},"1":{"start":{"line":2,"column":0},"end":{"line":2,"column":61}},"2":{"start":{"line":3,"column":0},"end":{"line":3,"column":34}},"3":{"start":{"line":6,"column":4},"end":{"line":8,"column":5}},"4":{"start":{"line":7,"column":8},"end":{"line":7,"column":55}},"5":{"start":{"line":10,"column":4},"end":{"line":10,"column":50}},"6":{"start":{"line":11,"column":4},"end":{"line":11,"column":69}},"7":{"start":{"line":12,"column":4},"end":{"line":12,"column":23}},"8":{"start":{"line":13,"column":4},"end":{"line":13,"column":null}},"9":{"start":{"line":14,"column":4},"end":{"line":14,"column":20}},"10":{"start":{"line":17,"column":0},"end":{"line":20,"column":3}},"11":{"start":{"line":18,"column":4},"end":{"line":18,"column":46}},"12":{"start":{"line":19,"column":4},"end":{"line":19,"column":20}}},"fnMap":{"0":{"name":"migration","decl":{"start":{"line":5,"column":15},"end":{"line":5,"column":24}},"loc":{"start":{"line":5,"column":24},"end":{"line":15,"column":1}}},"1":{"name":"(anonymous_10)","decl":{"start":{"line":17,"column":18},"end":{"line":17,"column":19}},"loc":{"start":{"line":17,"column":28},"end":{"line":20,"column":1}}}},"branchMap":{"0":{"loc":{"start":{"line":6,"column":4},"end":{"line":8,"column":5}},"type":"if","locations":[{"start":{"line":6,"column":4},"end":{"line":8,"column":5}},{"start":{},"end":{}}]}},"s":{"0":0,"1":0,"2":0,"3":0,"4":0,"5":0,"6":0,"7":0,"8":0,"9":0,"10":0,"11":0,"12":0},"f":{"0":0,"1":0},"b":{"0":[0,0]}}
,"C:\\Users\\Administrator\\OneDrive\\Desktop\\accomodation\\src\\Drizzle\\schema.ts": {"path":"C:\\Users\\Administrator\\OneDrive\\Desktop\\accomodation\\src\\Drizzle\\schema.ts","statementMap":{"0":{"start":{"line":1,"column":0},"end":{"line":1,"column":null}},"1":{"start":{"line":15,"column":0},"end":{"line":15,"column":40}},"2":{"start":{"line":19,"column":13},"end":{"line":19,"column":75}},"3":{"start":{"line":21,"column":13},"end":{"line":21,"column":89}},"4":{"start":{"line":23,"column":13},"end":{"line":23,"column":85}},"5":{"start":{"line":25,"column":13},"end":{"line":25,"column":103}},"6":{"start":{"line":27,"column":13},"end":{"line":27,"column":109}},"7":{"start":{"line":29,"column":13},"end":{"line":29,"column":97}},"8":{"start":{"line":34,"column":13},"end":{"line":42,"column":null}},"9":{"start":{"line":44,"column":13},"end":{"line":53,"column":null}},"10":{"start":{"line":55,"column":13},"end":{"line":66,"column":null}},"11":{"start":{"line":57,"column":62},"end":{"line":57,"column":83}},"12":{"start":{"line":68,"column":13},"end":{"line":78,"column":null}},"13":{"start":{"line":70,"column":62},"end":{"line":70,"column":83}},"14":{"start":{"line":71,"column":57},"end":{"line":71,"column":76}},"15":{"start":{"line":80,"column":13},"end":{"line":86,"column":null}},"16":{"start":{"line":82,"column":61},"end":{"line":82,"column":84}},"17":{"start":{"line":88,"column":13},"end":{"line":96,"column":null}},"18":{"start":{"line":90,"column":59},"end":{"line":90,"column":82}},"19":{"start":{"line":91,"column":58},"end":{"line":91,"column":79}},"20":{"start":{"line":92,"column":55},"end":{"line":92,"column":74}},"21":{"start":{"line":98,"column":13},"end":{"line":104,"column":null}},"22":{"start":{"line":100,"column":62},"end":{"line":100,"column":83}},"23":{"start":{"line":101,"column":59},"end":{"line":101,"column":85}},"24":{"start":{"line":102,"column":59},"end":{"line":102,"column":78}},"25":{"start":{"line":110,"column":13},"end":{"line":113,"column":4}},"26":{"start":{"line":110,"column":68},"end":{"line":113,"column":2}},"27":{"start":{"line":118,"column":13},"end":{"line":125,"column":4}},"28":{"start":{"line":118,"column":71},"end":{"line":125,"column":2}},"29":{"start":{"line":130,"column":13},"end":{"line":138,"column":4}},"30":{"start":{"line":130,"column":69},"end":{"line":138,"column":2}},"31":{"start":{"line":143,"column":13},"end":{"line":153,"column":4}},"32":{"start":{"line":143,"column":76},"end":{"line":153,"column":2}},"33":{"start":{"line":156,"column":13},"end":{"line":161,"column":4}},"34":{"start":{"line":156,"column":69},"end":{"line":161,"column":2}},"35":{"start":{"line":166,"column":13},"end":{"line":182,"column":null}},"36":{"start":{"line":166,"column":68},"end":{"line":182,"column":2}},"37":{"start":{"line":187,"column":13},"end":{"line":203,"column":4}},"38":{"start":{"line":187,"column":74},"end":{"line":203,"column":2}}},"fnMap":{"0":{"name":"(anonymous_0)","decl":{"start":{"line":57,"column":57},"end":{"line":57,"column":59}},"loc":{"start":{"line":57,"column":62},"end":{"line":57,"column":83}}},"1":{"name":"(anonymous_1)","decl":{"start":{"line":70,"column":57},"end":{"line":70,"column":59}},"loc":{"start":{"line":70,"column":62},"end":{"line":70,"column":83}}},"2":{"name":"(anonymous_2)","decl":{"start":{"line":71,"column":52},"end":{"line":71,"column":54}},"loc":{"start":{"line":71,"column":57},"end":{"line":71,"column":76}}},"3":{"name":"(anonymous_3)","decl":{"start":{"line":82,"column":56},"end":{"line":82,"column":58}},"loc":{"start":{"line":82,"column":61},"end":{"line":82,"column":84}}},"4":{"name":"(anonymous_4)","decl":{"start":{"line":90,"column":54},"end":{"line":90,"column":56}},"loc":{"start":{"line":90,"column":59},"end":{"line":90,"column":82}}},"5":{"name":"(anonymous_5)","decl":{"start":{"line":91,"column":53},"end":{"line":91,"column":55}},"loc":{"start":{"line":91,"column":58},"end":{"line":91,"column":79}}},"6":{"name":"(anonymous_6)","decl":{"start":{"line":92,"column":50},"end":{"line":92,"column":52}},"loc":{"start":{"line":92,"column":55},"end":{"line":92,"column":74}}},"7":{"name":"(anonymous_7)","decl":{"start":{"line":100,"column":57},"end":{"line":100,"column":59}},"loc":{"start":{"line":100,"column":62},"end":{"line":100,"column":83}}},"8":{"name":"(anonymous_8)","decl":{"start":{"line":101,"column":54},"end":{"line":101,"column":56}},"loc":{"start":{"line":101,"column":59},"end":{"line":101,"column":85}}},"9":{"name":"(anonymous_9)","decl":{"start":{"line":102,"column":54},"end":{"line":102,"column":56}},"loc":{"start":{"line":102,"column":59},"end":{"line":102,"column":78}}},"10":{"name":"(anonymous_10)","decl":{"start":{"line":110,"column":55},"end":{"line":110,"column":56}},"loc":{"start":{"line":110,"column":68},"end":{"line":113,"column":2}}},"11":{"name":"(anonymous_11)","decl":{"start":{"line":118,"column":53},"end":{"line":118,"column":54}},"loc":{"start":{"line":118,"column":71},"end":{"line":125,"column":2}}},"12":{"name":"(anonymous_12)","decl":{"start":{"line":130,"column":51},"end":{"line":130,"column":52}},"loc":{"start":{"line":130,"column":69},"end":{"line":138,"column":2}}},"13":{"name":"(anonymous_13)","decl":{"start":{"line":143,"column":58},"end":{"line":143,"column":59}},"loc":{"start":{"line":143,"column":76},"end":{"line":153,"column":2}}},"14":{"name":"(anonymous_14)","decl":{"start":{"line":156,"column":57},"end":{"line":156,"column":58}},"loc":{"start":{"line":156,"column":69},"end":{"line":161,"column":2}}},"15":{"name":"(anonymous_15)","decl":{"start":{"line":166,"column":56},"end":{"line":166,"column":57}},"loc":{"start":{"line":166,"column":68},"end":{"line":182,"column":2}}},"16":{"name":"(anonymous_16)","decl":{"start":{"line":187,"column":62},"end":{"line":187,"column":63}},"loc":{"start":{"line":187,"column":74},"end":{"line":203,"column":2}}}},"branchMap":{},"s":{"0":0,"1":0,"2":0,"3":0,"4":0,"5":0,"6":0,"7":0,"8":0,"9":0,"10":0,"11":0,"12":0,"13":0,"14":0,"15":0,"16":0,"17":0,"18":0,"19":0,"20":0,"21":0,"22":0,"23":0,"24":0,"25":0,"26":0,"27":0,"28":0,"29":0,"30":0,"31":0,"32":0,"33":0,"34":0,"35":0,"36":0,"37":0,"38":0},"f":{"0":0,"1":0,"2":0,"3":0,"4":0,"5":0,"6":0,"7":0,"8":0,"9":0,"10":0,"11":0,"12":0,"13":0,"14":0,"15":0,"16":0},"b":{}}
,"C:\\Users\\Administrator\\OneDrive\\Desktop\\accomodation\\src\\Drizzle\\seed.ts": {"path":"C:\\Users\\Administrator\\OneDrive\\Desktop\\accomodation\\src\\Drizzle\\seed.ts","statementMap":{"0":{"start":{"line":1,"column":0},"end":{"line":1,"column":41}},"1":{"start":{"line":2,"column":0},"end":{"line":2,"column":22}},"2":{"start":{"line":3,"column":0},"end":{"line":3,"column":130}},"3":{"start":{"line":11,"column":2},"end":{"line":11,"column":49}},"4":{"start":{"line":13,"column":2},"end":{"line":218,"column":3}},"5":{"start":{"line":15,"column":24},"end":{"line":15,"column":36}},"6":{"start":{"line":16,"column":21},"end":{"line":16,"column":33}},"7":{"start":{"line":17,"column":21},"end":{"line":17,"column":33}},"8":{"start":{"line":18,"column":21},"end":{"line":18,"column":33}},"9":{"start":{"line":19,"column":23},"end":{"line":19,"column":35}},"10":{"start":{"line":20,"column":23},"end":{"line":20,"column":35}},"11":{"start":{"line":21,"column":23},"end":{"line":21,"column":35}},"12":{"start":{"line":24,"column":4},"end":{"line":33,"column":7}},"13":{"start":{"line":36,"column":4},"end":{"line":82,"column":7}},"14":{"start":{"line":85,"column":4},"end":{"line":112,"column":7}},"15":{"start":{"line":213,"column":4},"end":{"line":213,"column":57}},"16":{"start":{"line":214,"column":4},"end":{"line":214,"column":20}},"17":{"start":{"line":216,"column":4},"end":{"line":216,"column":55}},"18":{"start":{"line":217,"column":4},"end":{"line":217,"column":20}},"19":{"start":{"line":222,"column":0},"end":{"line":222,"column":7}}},"fnMap":{"0":{"name":"seed","decl":{"start":{"line":10,"column":15},"end":{"line":10,"column":19}},"loc":{"start":{"line":10,"column":19},"end":{"line":219,"column":1}}}},"branchMap":{},"s":{"0":0,"1":0,"2":0,"3":0,"4":0,"5":0,"6":0,"7":0,"8":0,"9":0,"10":0,"11":0,"12":0,"13":0,"14":0,"15":0,"16":0,"17":0,"18":0,"19":0},"f":{"0":0},"b":{}}
,"C:\\Users\\Administrator\\OneDrive\\Desktop\\accomodation\\src\\_tests_\\basicUtils.ts": {"path":"C:\\Users\\Administrator\\OneDrive\\Desktop\\accomodation\\src\\_tests_\\basicUtils.ts","statementMap":{"0":{"start":{"line":3,"column":0},"end":{"line":3,"column":16}},"1":{"start":{"line":4,"column":21},"end":{"line":4,"column":63}},"2":{"start":{"line":6,"column":2},"end":{"line":15,"column":null}}},"fnMap":{"0":{"name":"authenticateUser","decl":{"start":{"line":3,"column":16},"end":{"line":3,"column":32}},"loc":{"start":{"line":3,"column":63},"end":{"line":16,"column":1}}}},"branchMap":{"0":{"loc":{"start":{"line":4,"column":21},"end":{"line":4,"column":63}},"type":"binary-expr","locations":[{"start":{"line":4,"column":21},"end":{"line":4,"column":43}},{"start":{"line":4,"column":47},"end":{"line":4,"column":63}}]}},"s":{"0":1,"1":2,"2":2},"f":{"0":2},"b":{"0":[2,1]}}
,"C:\\Users\\Administrator\\OneDrive\\Desktop\\accomodation\\src\\approvals\\approvals.controller.ts": {"path":"C:\\Users\\Administrator\\OneDrive\\Desktop\\accomodation\\src\\approvals\\approvals.controller.ts","statementMap":{"0":{"start":{"line":2,"column":0},"end":{"line":2,"column":430}},"1":{"start":{"line":3,"column":0},"end":{"line":3,"column":62}},"2":{"start":{"line":4,"column":0},"end":{"line":4,"column":60}},"3":{"start":{"line":5,"column":0},"end":{"line":5,"column":58}},"4":{"start":{"line":8,"column":40},"end":{"line":17,"column":1}},"5":{"start":{"line":9,"column":2},"end":{"line":16,"column":3}},"6":{"start":{"line":10,"column":21},"end":{"line":10,"column":29}},"7":{"start":{"line":11,"column":24},"end":{"line":11,"column":61}},"8":{"start":{"line":12,"column":4},"end":{"line":12,"column":null}},"9":{"start":{"line":12,"column":22},"end":{"line":12,"column":null}},"10":{"start":{"line":13,"column":6},"end":{"line":13,"column":null}},"11":{"start":{"line":15,"column":4},"end":{"line":15,"column":null}},"12":{"start":{"line":8,"column":13},"end":{"line":8,"column":40}},"13":{"start":{"line":20,"column":41},"end":{"line":28,"column":1}},"14":{"start":{"line":21,"column":2},"end":{"line":27,"column":3}},"15":{"start":{"line":22,"column":22},"end":{"line":22,"column":52}},"16":{"start":{"line":23,"column":4},"end":{"line":23,"column":null}},"17":{"start":{"line":23,"column":44},"end":{"line":23,"column":null}},"18":{"start":{"line":24,"column":6},"end":{"line":24,"column":null}},"19":{"start":{"line":26,"column":4},"end":{"line":26,"column":null}},"20":{"start":{"line":20,"column":13},"end":{"line":20,"column":41}},"21":{"start":{"line":31,"column":41},"end":{"line":45,"column":1}},"22":{"start":{"line":32,"column":2},"end":{"line":44,"column":3}},"23":{"start":{"line":33,"column":23},"end":{"line":33,"column":67}},"24":{"start":{"line":34,"column":4},"end":{"line":34,"column":null}},"25":{"start":{"line":34,"column":21},"end":{"line":34,"column":null}},"26":{"start":{"line":36,"column":30},"end":{"line":36,"column":70}},"27":{"start":{"line":37,"column":6},"end":{"line":37,"column":null}},"28":{"start":{"line":37,"column":30},"end":{"line":37,"column":null}},"29":{"start":{"line":39,"column":21},"end":{"line":39,"column":61}},"30":{"start":{"line":40,"column":4},"end":{"line":40,"column":null}},"31":{"start":{"line":40,"column":19},"end":{"line":40,"column":null}},"32":{"start":{"line":41,"column":6},"end":{"line":41,"column":null}},"33":{"start":{"line":43,"column":4},"end":{"line":43,"column":null}},"34":{"start":{"line":31,"column":13},"end":{"line":31,"column":41}},"35":{"start":{"line":48,"column":46},"end":{"line":62,"column":1}},"36":{"start":{"line":49,"column":2},"end":{"line":61,"column":3}},"37":{"start":{"line":50,"column":20},"end":{"line":50,"column":58}},"38":{"start":{"line":51,"column":4},"end":{"line":51,"column":null}},"39":{"start":{"line":51,"column":18},"end":{"line":51,"column":null}},"40":{"start":{"line":53,"column":27},"end":{"line":53,"column":61}},"41":{"start":{"line":54,"column":4},"end":{"line":54,"column":null}},"42":{"start":{"line":54,"column":25},"end":{"line":54,"column":null}},"43":{"start":{"line":56,"column":21},"end":{"line":56,"column":63}},"44":{"start":{"line":57,"column":4},"end":{"line":57,"column":null}},"45":{"start":{"line":57,"column":19},"end":{"line":57,"column":null}},"46":{"start":{"line":58,"column":6},"end":{"line":58,"column":null}},"47":{"start":{"line":60,"column":4},"end":{"line":60,"column":null}},"48":{"start":{"line":48,"column":13},"end":{"line":48,"column":46}},"49":{"start":{"line":65,"column":47},"end":{"line":79,"column":1}},"50":{"start":{"line":66,"column":2},"end":{"line":78,"column":3}},"51":{"start":{"line":67,"column":21},"end":{"line":67,"column":59}},"52":{"start":{"line":68,"column":4},"end":{"line":68,"column":null}},"53":{"start":{"line":68,"column":18},"end":{"line":68,"column":null}},"54":{"start":{"line":70,"column":27},"end":{"line":70,"column":61}},"55":{"start":{"line":71,"column":4},"end":{"line":71,"column":null}},"56":{"start":{"line":71,"column":25},"end":{"line":71,"column":null}},"57":{"start":{"line":73,"column":21},"end":{"line":73,"column":63}},"58":{"start":{"line":74,"column":4},"end":{"line":74,"column":null}},"59":{"start":{"line":74,"column":19},"end":{"line":74,"column":null}},"60":{"start":{"line":75,"column":6},"end":{"line":75,"column":null}},"61":{"start":{"line":77,"column":4},"end":{"line":77,"column":null}},"62":{"start":{"line":65,"column":13},"end":{"line":65,"column":47}},"63":{"start":{"line":82,"column":46},"end":{"line":96,"column":1}},"64":{"start":{"line":83,"column":2},"end":{"line":95,"column":3}},"65":{"start":{"line":84,"column":20},"end":{"line":84,"column":56}},"66":{"start":{"line":85,"column":4},"end":{"line":85,"column":null}},"67":{"start":{"line":85,"column":17},"end":{"line":85,"column":null}},"68":{"start":{"line":87,"column":26},"end":{"line":87,"column":52}},"69":{"start":{"line":88,"column":4},"end":{"line":88,"column":null}},"70":{"start":{"line":88,"column":24},"end":{"line":88,"column":null}},"71":{"start":{"line":90,"column":21},"end":{"line":90,"column":61}},"72":{"start":{"line":91,"column":4},"end":{"line":91,"column":null}},"73":{"start":{"line":91,"column":19},"end":{"line":91,"column":null}},"74":{"start":{"line":92,"column":6},"end":{"line":92,"column":null}},"75":{"start":{"line":94,"column":4},"end":{"line":94,"column":null}},"76":{"start":{"line":82,"column":13},"end":{"line":82,"column":46}},"77":{"start":{"line":99,"column":45},"end":{"line":107,"column":1}},"78":{"start":{"line":100,"column":2},"end":{"line":106,"column":3}},"79":{"start":{"line":101,"column":20},"end":{"line":101,"column":54}},"80":{"start":{"line":102,"column":4},"end":{"line":102,"column":null}},"81":{"start":{"line":102,"column":39},"end":{"line":102,"column":null}},"82":{"start":{"line":103,"column":6},"end":{"line":103,"column":null}},"83":{"start":{"line":105,"column":4},"end":{"line":105,"column":null}},"84":{"start":{"line":99,"column":13},"end":{"line":99,"column":45}},"85":{"start":{"line":110,"column":46},"end":{"line":118,"column":1}},"86":{"start":{"line":111,"column":2},"end":{"line":117,"column":3}},"87":{"start":{"line":112,"column":21},"end":{"line":112,"column":56}},"88":{"start":{"line":113,"column":4},"end":{"line":113,"column":null}},"89":{"start":{"line":113,"column":41},"end":{"line":113,"column":null}},"90":{"start":{"line":114,"column":6},"end":{"line":114,"column":null}},"91":{"start":{"line":116,"column":4},"end":{"line":116,"column":null}},"92":{"start":{"line":110,"column":13},"end":{"line":110,"column":46}},"93":{"start":{"line":121,"column":46},"end":{"line":129,"column":1}},"94":{"start":{"line":122,"column":2},"end":{"line":128,"column":3}},"95":{"start":{"line":123,"column":21},"end":{"line":123,"column":56}},"96":{"start":{"line":124,"column":4},"end":{"line":124,"column":null}},"97":{"start":{"line":124,"column":41},"end":{"line":124,"column":null}},"98":{"start":{"line":125,"column":6},"end":{"line":125,"column":null}},"99":{"start":{"line":127,"column":4},"end":{"line":127,"column":null}},"100":{"start":{"line":121,"column":13},"end":{"line":121,"column":46}},"101":{"start":{"line":132,"column":44},"end":{"line":147,"column":1}},"102":{"start":{"line":133,"column":2},"end":{"line":146,"column":3}},"103":{"start":{"line":134,"column":23},"end":{"line":134,"column":67}},"104":{"start":{"line":135,"column":4},"end":{"line":135,"column":null}},"105":{"start":{"line":135,"column":21},"end":{"line":135,"column":null}},"106":{"start":{"line":137,"column":30},"end":{"line":137,"column":70}},"107":{"start":{"line":138,"column":4},"end":{"line":138,"column":null}},"108":{"start":{"line":138,"column":28},"end":{"line":138,"column":null}},"109":{"start":{"line":140,"column":21},"end":{"line":140,"column":29}},"110":{"start":{"line":141,"column":28},"end":{"line":141,"column":81}},"111":{"start":{"line":142,"column":4},"end":{"line":142,"column":null}},"112":{"start":{"line":142,"column":26},"end":{"line":142,"column":null}},"113":{"start":{"line":143,"column":6},"end":{"line":143,"column":null}},"114":{"start":{"line":145,"column":4},"end":{"line":145,"column":null}},"115":{"start":{"line":132,"column":13},"end":{"line":132,"column":44}},"116":{"start":{"line":150,"column":49},"end":{"line":165,"column":1}},"117":{"start":{"line":151,"column":2},"end":{"line":164,"column":3}},"118":{"start":{"line":152,"column":20},"end":{"line":152,"column":58}},"119":{"start":{"line":153,"column":4},"end":{"line":153,"column":null}},"120":{"start":{"line":153,"column":18},"end":{"line":153,"column":null}},"121":{"start":{"line":155,"column":27},"end":{"line":155,"column":61}},"122":{"start":{"line":156,"column":4},"end":{"line":156,"column":null}},"123":{"start":{"line":156,"column":25},"end":{"line":156,"column":null}},"124":{"start":{"line":158,"column":21},"end":{"line":158,"column":29}},"125":{"start":{"line":159,"column":28},"end":{"line":159,"column":83}},"126":{"start":{"line":160,"column":4},"end":{"line":160,"column":null}},"127":{"start":{"line":160,"column":26},"end":{"line":160,"column":null}},"128":{"start":{"line":161,"column":6},"end":{"line":161,"column":null}},"129":{"start":{"line":163,"column":4},"end":{"line":163,"column":null}},"130":{"start":{"line":150,"column":13},"end":{"line":150,"column":49}},"131":{"start":{"line":168,"column":49},"end":{"line":183,"column":1}},"132":{"start":{"line":169,"column":2},"end":{"line":182,"column":3}},"133":{"start":{"line":170,"column":20},"end":{"line":170,"column":58}},"134":{"start":{"line":171,"column":4},"end":{"line":171,"column":null}},"135":{"start":{"line":171,"column":18},"end":{"line":171,"column":null}},"136":{"start":{"line":173,"column":27},"end":{"line":173,"column":61}},"137":{"start":{"line":174,"column":4},"end":{"line":174,"column":null}},"138":{"start":{"line":174,"column":25},"end":{"line":174,"column":null}},"139":{"start":{"line":176,"column":21},"end":{"line":176,"column":29}},"140":{"start":{"line":177,"column":28},"end":{"line":177,"column":83}},"141":{"start":{"line":178,"column":4},"end":{"line":178,"column":null}},"142":{"start":{"line":178,"column":26},"end":{"line":178,"column":null}},"143":{"start":{"line":179,"column":6},"end":{"line":179,"column":null}},"144":{"start":{"line":181,"column":4},"end":{"line":181,"column":null}},"145":{"start":{"line":168,"column":13},"end":{"line":168,"column":49}},"146":{"start":{"line":186,"column":44},"end":{"line":200,"column":1}},"147":{"start":{"line":187,"column":2},"end":{"line":199,"column":3}},"148":{"start":{"line":188,"column":23},"end":{"line":188,"column":67}},"149":{"start":{"line":189,"column":4},"end":{"line":189,"column":null}},"150":{"start":{"line":189,"column":21},"end":{"line":189,"column":null}},"151":{"start":{"line":191,"column":30},"end":{"line":191,"column":70}},"152":{"start":{"line":192,"column":4},"end":{"line":192,"column":null}},"153":{"start":{"line":192,"column":28},"end":{"line":192,"column":null}},"154":{"start":{"line":194,"column":28},"end":{"line":194,"column":71}},"155":{"start":{"line":195,"column":4},"end":{"line":195,"column":null}},"156":{"start":{"line":195,"column":26},"end":{"line":195,"column":null}},"157":{"start":{"line":196,"column":6},"end":{"line":196,"column":null}},"158":{"start":{"line":198,"column":4},"end":{"line":198,"column":null}},"159":{"start":{"line":186,"column":13},"end":{"line":186,"column":44}},"160":{"start":{"line":203,"column":49},"end":{"line":217,"column":1}},"161":{"start":{"line":204,"column":2},"end":{"line":216,"column":3}},"162":{"start":{"line":205,"column":20},"end":{"line":205,"column":58}},"163":{"start":{"line":206,"column":4},"end":{"line":206,"column":null}},"164":{"start":{"line":206,"column":18},"end":{"line":206,"column":null}},"165":{"start":{"line":208,"column":27},"end":{"line":208,"column":61}},"166":{"start":{"line":209,"column":4},"end":{"line":209,"column":null}},"167":{"start":{"line":209,"column":25},"end":{"line":209,"column":null}},"168":{"start":{"line":211,"column":28},"end":{"line":211,"column":73}},"169":{"start":{"line":212,"column":4},"end":{"line":212,"column":null}},"170":{"start":{"line":212,"column":26},"end":{"line":212,"column":null}},"171":{"start":{"line":213,"column":6},"end":{"line":213,"column":null}},"172":{"start":{"line":215,"column":4},"end":{"line":215,"column":null}},"173":{"start":{"line":203,"column":13},"end":{"line":203,"column":49}}},"fnMap":{"0":{"name":"(anonymous_0)","decl":{"start":{"line":8,"column":40},"end":{"line":8,"column":45}},"loc":{"start":{"line":8,"column":78},"end":{"line":17,"column":1}}},"1":{"name":"(anonymous_1)","decl":{"start":{"line":20,"column":41},"end":{"line":20,"column":46}},"loc":{"start":{"line":20,"column":79},"end":{"line":28,"column":1}}},"2":{"name":"(anonymous_2)","decl":{"start":{"line":31,"column":41},"end":{"line":31,"column":46}},"loc":{"start":{"line":31,"column":79},"end":{"line":45,"column":1}}},"3":{"name":"(anonymous_3)","decl":{"start":{"line":48,"column":46},"end":{"line":48,"column":51}},"loc":{"start":{"line":48,"column":84},"end":{"line":62,"column":1}}},"4":{"name":"(anonymous_4)","decl":{"start":{"line":65,"column":47},"end":{"line":65,"column":52}},"loc":{"start":{"line":65,"column":85},"end":{"line":79,"column":1}}},"5":{"name":"(anonymous_5)","decl":{"start":{"line":82,"column":46},"end":{"line":82,"column":51}},"loc":{"start":{"line":82,"column":84},"end":{"line":96,"column":1}}},"6":{"name":"(anonymous_6)","decl":{"start":{"line":99,"column":45},"end":{"line":99,"column":50}},"loc":{"start":{"line":99,"column":83},"end":{"line":107,"column":1}}},"7":{"name":"(anonymous_7)","decl":{"start":{"line":110,"column":46},"end":{"line":110,"column":51}},"loc":{"start":{"line":110,"column":84},"end":{"line":118,"column":1}}},"8":{"name":"(anonymous_8)","decl":{"start":{"line":121,"column":46},"end":{"line":121,"column":51}},"loc":{"start":{"line":121,"column":84},"end":{"line":129,"column":1}}},"9":{"name":"(anonymous_9)","decl":{"start":{"line":132,"column":44},"end":{"line":132,"column":49}},"loc":{"start":{"line":132,"column":82},"end":{"line":147,"column":1}}},"10":{"name":"(anonymous_10)","decl":{"start":{"line":150,"column":49},"end":{"line":150,"column":54}},"loc":{"start":{"line":150,"column":87},"end":{"line":165,"column":1}}},"11":{"name":"(anonymous_11)","decl":{"start":{"line":168,"column":49},"end":{"line":168,"column":54}},"loc":{"start":{"line":168,"column":87},"end":{"line":183,"column":1}}},"12":{"name":"(anonymous_12)","decl":{"start":{"line":186,"column":44},"end":{"line":186,"column":49}},"loc":{"start":{"line":186,"column":82},"end":{"line":200,"column":1}}},"13":{"name":"(anonymous_13)","decl":{"start":{"line":203,"column":49},"end":{"line":203,"column":54}},"loc":{"start":{"line":203,"column":87},"end":{"line":217,"column":1}}}},"branchMap":{"0":{"loc":{"start":{"line":12,"column":4},"end":{"line":12,"column":null}},"type":"if","locations":[{"start":{"line":12,"column":4},"end":{"line":12,"column":null}},{"start":{},"end":{}}]},"1":{"loc":{"start":{"line":23,"column":4},"end":{"line":23,"column":null}},"type":"if","locations":[{"start":{"line":23,"column":4},"end":{"line":23,"column":null}},{"start":{},"end":{}}]},"2":{"loc":{"start":{"line":23,"column":8},"end":{"line":23,"column":42}},"type":"binary-expr","locations":[{"start":{"line":23,"column":8},"end":{"line":23,"column":18}},{"start":{"line":23,"column":22},"end":{"line":23,"column":42}}]},"3":{"loc":{"start":{"line":33,"column":23},"end":{"line":33,"column":67}},"type":"binary-expr","locations":[{"start":{"line":33,"column":23},"end":{"line":33,"column":44}},{"start":{"line":33,"column":48},"end":{"line":33,"column":67}}]},"4":{"loc":{"start":{"line":34,"column":4},"end":{"line":34,"column":null}},"type":"if","locations":[{"start":{"line":34,"column":4},"end":{"line":34,"column":null}},{"start":{},"end":{}}]},"5":{"loc":{"start":{"line":37,"column":6},"end":{"line":37,"column":null}},"type":"if","locations":[{"start":{"line":37,"column":6},"end":{"line":37,"column":null}},{"start":{},"end":{}}]},"6":{"loc":{"start":{"line":40,"column":4},"end":{"line":40,"column":null}},"type":"if","locations":[{"start":{"line":40,"column":4},"end":{"line":40,"column":null}},{"start":{},"end":{}}]},"7":{"loc":{"start":{"line":50,"column":20},"end":{"line":50,"column":58}},"type":"binary-expr","locations":[{"start":{"line":50,"column":20},"end":{"line":50,"column":38}},{"start":{"line":50,"column":42},"end":{"line":50,"column":58}}]},"8":{"loc":{"start":{"line":51,"column":4},"end":{"line":51,"column":null}},"type":"if","locations":[{"start":{"line":51,"column":4},"end":{"line":51,"column":null}},{"start":{},"end":{}}]},"9":{"loc":{"start":{"line":54,"column":4},"end":{"line":54,"column":null}},"type":"if","locations":[{"start":{"line":54,"column":4},"end":{"line":54,"column":null}},{"start":{},"end":{}}]},"10":{"loc":{"start":{"line":57,"column":4},"end":{"line":57,"column":null}},"type":"if","locations":[{"start":{"line":57,"column":4},"end":{"line":57,"column":null}},{"start":{},"end":{}}]},"11":{"loc":{"start":{"line":67,"column":21},"end":{"line":67,"column":59}},"type":"binary-expr","locations":[{"start":{"line":67,"column":21},"end":{"line":67,"column":39}},{"start":{"line":67,"column":43},"end":{"line":67,"column":59}}]},"12":{"loc":{"start":{"line":68,"column":4},"end":{"line":68,"column":null}},"type":"if","locations":[{"start":{"line":68,"column":4},"end":{"line":68,"column":null}},{"start":{},"end":{}}]},"13":{"loc":{"start":{"line":71,"column":4},"end":{"line":71,"column":null}},"type":"if","locations":[{"start":{"line":71,"column":4},"end":{"line":71,"column":null}},{"start":{},"end":{}}]},"14":{"loc":{"start":{"line":74,"column":4},"end":{"line":74,"column":null}},"type":"if","locations":[{"start":{"line":74,"column":4},"end":{"line":74,"column":null}},{"start":{},"end":{}}]},"15":{"loc":{"start":{"line":84,"column":20},"end":{"line":84,"column":56}},"type":"binary-expr","locations":[{"start":{"line":84,"column":20},"end":{"line":84,"column":37}},{"start":{"line":84,"column":41},"end":{"line":84,"column":56}}]},"16":{"loc":{"start":{"line":85,"column":4},"end":{"line":85,"column":null}},"type":"if","locations":[{"start":{"line":85,"column":4},"end":{"line":85,"column":null}},{"start":{},"end":{}}]},"17":{"loc":{"start":{"line":88,"column":4},"end":{"line":88,"column":null}},"type":"if","locations":[{"start":{"line":88,"column":4},"end":{"line":88,"column":null}},{"start":{},"end":{}}]},"18":{"loc":{"start":{"line":91,"column":4},"end":{"line":91,"column":null}},"type":"if","locations":[{"start":{"line":91,"column":4},"end":{"line":91,"column":null}},{"start":{},"end":{}}]},"19":{"loc":{"start":{"line":102,"column":4},"end":{"line":102,"column":null}},"type":"if","locations":[{"start":{"line":102,"column":4},"end":{"line":102,"column":null}},{"start":{},"end":{}}]},"20":{"loc":{"start":{"line":102,"column":7},"end":{"line":102,"column":37}},"type":"binary-expr","locations":[{"start":{"line":102,"column":7},"end":{"line":102,"column":15}},{"start":{"line":102,"column":19},"end":{"line":102,"column":37}}]},"21":{"loc":{"start":{"line":113,"column":4},"end":{"line":113,"column":null}},"type":"if","locations":[{"start":{"line":113,"column":4},"end":{"line":113,"column":null}},{"start":{},"end":{}}]},"22":{"loc":{"start":{"line":113,"column":7},"end":{"line":113,"column":39}},"type":"binary-expr","locations":[{"start":{"line":113,"column":7},"end":{"line":113,"column":16}},{"start":{"line":113,"column":20},"end":{"line":113,"column":39}}]},"23":{"loc":{"start":{"line":124,"column":4},"end":{"line":124,"column":null}},"type":"if","locations":[{"start":{"line":124,"column":4},"end":{"line":124,"column":null}},{"start":{},"end":{}}]},"24":{"loc":{"start":{"line":124,"column":7},"end":{"line":124,"column":39}},"type":"binary-expr","locations":[{"start":{"line":124,"column":7},"end":{"line":124,"column":16}},{"start":{"line":124,"column":20},"end":{"line":124,"column":39}}]},"25":{"loc":{"start":{"line":134,"column":23},"end":{"line":134,"column":67}},"type":"binary-expr","locations":[{"start":{"line":134,"column":23},"end":{"line":134,"column":44}},{"start":{"line":134,"column":48},"end":{"line":134,"column":67}}]},"26":{"loc":{"start":{"line":135,"column":4},"end":{"line":135,"column":null}},"type":"if","locations":[{"start":{"line":135,"column":4},"end":{"line":135,"column":null}},{"start":{},"end":{}}]},"27":{"loc":{"start":{"line":138,"column":4},"end":{"line":138,"column":null}},"type":"if","locations":[{"start":{"line":138,"column":4},"end":{"line":138,"column":null}},{"start":{},"end":{}}]},"28":{"loc":{"start":{"line":142,"column":4},"end":{"line":142,"column":null}},"type":"if","locations":[{"start":{"line":142,"column":4},"end":{"line":142,"column":null}},{"start":{},"end":{}}]},"29":{"loc":{"start":{"line":152,"column":20},"end":{"line":152,"column":58}},"type":"binary-expr","locations":[{"start":{"line":152,"column":20},"end":{"line":152,"column":38}},{"start":{"line":152,"column":42},"end":{"line":152,"column":58}}]},"30":{"loc":{"start":{"line":153,"column":4},"end":{"line":153,"column":null}},"type":"if","locations":[{"start":{"line":153,"column":4},"end":{"line":153,"column":null}},{"start":{},"end":{}}]},"31":{"loc":{"start":{"line":156,"column":4},"end":{"line":156,"column":null}},"type":"if","locations":[{"start":{"line":156,"column":4},"end":{"line":156,"column":null}},{"start":{},"end":{}}]},"32":{"loc":{"start":{"line":160,"column":4},"end":{"line":160,"column":null}},"type":"if","locations":[{"start":{"line":160,"column":4},"end":{"line":160,"column":null}},{"start":{},"end":{}}]},"33":{"loc":{"start":{"line":170,"column":20},"end":{"line":170,"column":58}},"type":"binary-expr","locations":[{"start":{"line":170,"column":20},"end":{"line":170,"column":38}},{"start":{"line":170,"column":42},"end":{"line":170,"column":58}}]},"34":{"loc":{"start":{"line":171,"column":4},"end":{"line":171,"column":null}},"type":"if","locations":[{"start":{"line":171,"column":4},"end":{"line":171,"column":null}},{"start":{},"end":{}}]},"35":{"loc":{"start":{"line":174,"column":4},"end":{"line":174,"column":null}},"type":"if","locations":[{"start":{"line":174,"column":4},"end":{"line":174,"column":null}},{"start":{},"end":{}}]},"36":{"loc":{"start":{"line":178,"column":4},"end":{"line":178,"column":null}},"type":"if","locations":[{"start":{"line":178,"column":4},"end":{"line":178,"column":null}},{"start":{},"end":{}}]},"37":{"loc":{"start":{"line":188,"column":23},"end":{"line":188,"column":67}},"type":"binary-expr","locations":[{"start":{"line":188,"column":23},"end":{"line":188,"column":44}},{"start":{"line":188,"column":48},"end":{"line":188,"column":67}}]},"38":{"loc":{"start":{"line":189,"column":4},"end":{"line":189,"column":null}},"type":"if","locations":[{"start":{"line":189,"column":4},"end":{"line":189,"column":null}},{"start":{},"end":{}}]},"39":{"loc":{"start":{"line":192,"column":4},"end":{"line":192,"column":null}},"type":"if","locations":[{"start":{"line":192,"column":4},"end":{"line":192,"column":null}},{"start":{},"end":{}}]},"40":{"loc":{"start":{"line":195,"column":4},"end":{"line":195,"column":null}},"type":"if","locations":[{"start":{"line":195,"column":4},"end":{"line":195,"column":null}},{"start":{},"end":{}}]},"41":{"loc":{"start":{"line":205,"column":20},"end":{"line":205,"column":58}},"type":"binary-expr","locations":[{"start":{"line":205,"column":20},"end":{"line":205,"column":38}},{"start":{"line":205,"column":42},"end":{"line":205,"column":58}}]},"42":{"loc":{"start":{"line":206,"column":4},"end":{"line":206,"column":null}},"type":"if","locations":[{"start":{"line":206,"column":4},"end":{"line":206,"column":null}},{"start":{},"end":{}}]},"43":{"loc":{"start":{"line":209,"column":4},"end":{"line":209,"column":null}},"type":"if","locations":[{"start":{"line":209,"column":4},"end":{"line":209,"column":null}},{"start":{},"end":{}}]},"44":{"loc":{"start":{"line":212,"column":4},"end":{"line":212,"column":null}},"type":"if","locations":[{"start":{"line":212,"column":4},"end":{"line":212,"column":null}},{"start":{},"end":{}}]}},"s":{"0":0,"1":0,"2":0,"3":0,"4":0,"5":0,"6":0,"7":0,"8":0,"9":0,"10":0,"11":0,"12":0,"13":0,"14":0,"15":0,"16":0,"17":0,"18":0,"19":0,"20":0,"21":0,"22":0,"23":0,"24":0,"25":0,"26":0,"27":0,"28":0,"29":0,"30":0,"31":0,"32":0,"33":0,"34":0,"35":0,"36":0,"37":0,"38":0,"39":0,"40":0,"41":0,"42":0,"43":0,"44":0,"45":0,"46":0,"47":0,"48":0,"49":0,"50":0,"51":0,"52":0,"53":0,"54":0,"55":0,"56":0,"57":0,"58":0,"59":0,"60":0,"61":0,"62":0,"63":0,"64":0,"65":0,"66":0,"67":0,"68":0,"69":0,"70":0,"71":0,"72":0,"73":0,"74":0,"75":0,"76":0,"77":0,"78":0,"79":0,"80":0,"81":0,"82":0,"83":0,"84":0,"85":0,"86":0,"87":0,"88":0,"89":0,"90":0,"91":0,"92":0,"93":0,"94":0,"95":0,"96":0,"97":0,"98":0,"99":0,"100":0,"101":0,"102":0,"103":0,"104":0,"105":0,"106":0,"107":0,"108":0,"109":0,"110":0,"111":0,"112":0,"113":0,"114":0,"115":0,"116":0,"117":0,"118":0,"119":0,"120":0,"121":0,"122":0,"123":0,"124":0,"125":0,"126":0,"127":0,"128":0,"129":0,"130":0,"131":0,"132":0,"133":0,"134":0,"135":0,"136":0,"137":0,"138":0,"139":0,"140":0,"141":0,"142":0,"143":0,"144":0,"145":0,"146":0,"147":0,"148":0,"149":0,"150":0,"151":0,"152":0,"153":0,"154":0,"155":0,"156":0,"157":0,"158":0,"159":0,"160":0,"161":0,"162":0,"163":0,"164":0,"165":0,"166":0,"167":0,"168":0,"169":0,"170":0,"171":0,"172":0,"173":0},"f":{"0":0,"1":0,"2":0,"3":0,"4":0,"5":0,"6":0,"7":0,"8":0,"9":0,"10":0,"11":0,"12":0,"13":0},"b":{"0":[0,0],"1":[0,0],"2":[0,0],"3":[0,0],"4":[0,0],"5":[0,0],"6":[0,0],"7":[0,0],"8":[0,0],"9":[0,0],"10":[0,0],"11":[0,0],"12":[0,0],"13":[0,0],"14":[0,0],"15":[0,0],"16":[0,0],"17":[0,0],"18":[0,0],"19":[0,0],"20":[0,0],"21":[0,0],"22":[0,0],"23":[0,0],"24":[0,0],"25":[0,0],"26":[0,0],"27":[0,0],"28":[0,0],"29":[0,0],"30":[0,0],"31":[0,0],"32":[0,0],"33":[0,0],"34":[0,0],"35":[0,0],"36":[0,0],"37":[0,0],"38":[0,0],"39":[0,0],"40":[0,0],"41":[0,0],"42":[0,0],"43":[0,0],"44":[0,0]}}
,"C:\\Users\\Administrator\\OneDrive\\Desktop\\accomodation\\src\\approvals\\approvals.route.ts": {"path":"C:\\Users\\Administrator\\OneDrive\\Desktop\\accomodation\\src\\approvals\\approvals.route.ts","statementMap":{"0":{"start":{"line":2,"column":0},"end":{"line":2,"column":444}},"1":{"start":{"line":3,"column":0},"end":{"line":3,"column":55}},"2":{"start":{"line":5,"column":18},"end":{"line":149,"column":1}},"3":{"start":{"line":7,"column":2},"end":{"line":15,"column":5}},"4":{"start":{"line":10,"column":4},"end":{"line":14,"column":5}},"5":{"start":{"line":11,"column":6},"end":{"line":11,"column":null}},"6":{"start":{"line":13,"column":6},"end":{"line":13,"column":null}},"7":{"start":{"line":18,"column":2},"end":{"line":26,"column":5}},"8":{"start":{"line":21,"column":4},"end":{"line":25,"column":5}},"9":{"start":{"line":22,"column":6},"end":{"line":22,"column":null}},"10":{"start":{"line":24,"column":6},"end":{"line":24,"column":null}},"11":{"start":{"line":29,"column":2},"end":{"line":37,"column":5}},"12":{"start":{"line":32,"column":4},"end":{"line":36,"column":5}},"13":{"start":{"line":33,"column":6},"end":{"line":33,"column":null}},"14":{"start":{"line":35,"column":6},"end":{"line":35,"column":null}},"15":{"start":{"line":40,"column":2},"end":{"line":48,"column":5}},"16":{"start":{"line":43,"column":4},"end":{"line":47,"column":5}},"17":{"start":{"line":44,"column":6},"end":{"line":44,"column":null}},"18":{"start":{"line":46,"column":6},"end":{"line":46,"column":null}},"19":{"start":{"line":51,"column":2},"end":{"line":59,"column":5}},"20":{"start":{"line":54,"column":4},"end":{"line":58,"column":5}},"21":{"start":{"line":55,"column":6},"end":{"line":55,"column":null}},"22":{"start":{"line":57,"column":6},"end":{"line":57,"column":null}},"23":{"start":{"line":62,"column":2},"end":{"line":70,"column":null}},"24":{"start":{"line":65,"column":4},"end":{"line":69,"column":5}},"25":{"start":{"line":66,"column":6},"end":{"line":66,"column":null}},"26":{"start":{"line":68,"column":6},"end":{"line":68,"column":null}},"27":{"start":{"line":73,"column":2},"end":{"line":81,"column":null}},"28":{"start":{"line":76,"column":4},"end":{"line":80,"column":5}},"29":{"start":{"line":77,"column":6},"end":{"line":77,"column":null}},"30":{"start":{"line":79,"column":6},"end":{"line":79,"column":null}},"31":{"start":{"line":84,"column":2},"end":{"line":92,"column":null}},"32":{"start":{"line":87,"column":4},"end":{"line":91,"column":5}},"33":{"start":{"line":88,"column":6},"end":{"line":88,"column":null}},"34":{"start":{"line":90,"column":6},"end":{"line":90,"column":null}},"35":{"start":{"line":95,"column":2},"end":{"line":103,"column":5}},"36":{"start":{"line":98,"column":4},"end":{"line":102,"column":5}},"37":{"start":{"line":99,"column":6},"end":{"line":99,"column":null}},"38":{"start":{"line":101,"column":6},"end":{"line":101,"column":null}},"39":{"start":{"line":106,"column":2},"end":{"line":114,"column":5}},"40":{"start":{"line":109,"column":4},"end":{"line":113,"column":5}},"41":{"start":{"line":110,"column":6},"end":{"line":110,"column":null}},"42":{"start":{"line":112,"column":6},"end":{"line":112,"column":null}},"43":{"start":{"line":117,"column":2},"end":{"line":125,"column":5}},"44":{"start":{"line":120,"column":4},"end":{"line":124,"column":5}},"45":{"start":{"line":121,"column":6},"end":{"line":121,"column":null}},"46":{"start":{"line":123,"column":6},"end":{"line":123,"column":null}},"47":{"start":{"line":128,"column":2},"end":{"line":136,"column":5}},"48":{"start":{"line":131,"column":2},"end":{"line":135,"column":3}},"49":{"start":{"line":132,"column":4},"end":{"line":132,"column":null}},"50":{"start":{"line":134,"column":4},"end":{"line":134,"column":null}},"51":{"start":{"line":139,"column":2},"end":{"line":147,"column":5}},"52":{"start":{"line":142,"column":2},"end":{"line":146,"column":3}},"53":{"start":{"line":143,"column":4},"end":{"line":143,"column":null}},"54":{"start":{"line":145,"column":4},"end":{"line":145,"column":null}},"55":{"start":{"line":150,"column":0},"end":{"line":150,"column":null}}},"fnMap":{"0":{"name":"(anonymous_0)","decl":{"start":{"line":5,"column":18},"end":{"line":5,"column":19}},"loc":{"start":{"line":5,"column":34},"end":{"line":149,"column":1}}},"1":{"name":"(anonymous_1)","decl":{"start":{"line":9,"column":4},"end":{"line":9,"column":9}},"loc":{"start":{"line":9,"column":29},"end":{"line":15,"column":3}}},"2":{"name":"(anonymous_2)","decl":{"start":{"line":20,"column":4},"end":{"line":20,"column":9}},"loc":{"start":{"line":20,"column":29},"end":{"line":26,"column":3}}},"3":{"name":"(anonymous_3)","decl":{"start":{"line":31,"column":4},"end":{"line":31,"column":9}},"loc":{"start":{"line":31,"column":29},"end":{"line":37,"column":3}}},"4":{"name":"(anonymous_4)","decl":{"start":{"line":42,"column":4},"end":{"line":42,"column":9}},"loc":{"start":{"line":42,"column":29},"end":{"line":48,"column":3}}},"5":{"name":"(anonymous_5)","decl":{"start":{"line":53,"column":4},"end":{"line":53,"column":9}},"loc":{"start":{"line":53,"column":29},"end":{"line":59,"column":3}}},"6":{"name":"(anonymous_6)","decl":{"start":{"line":64,"column":4},"end":{"line":64,"column":9}},"loc":{"start":{"line":64,"column":29},"end":{"line":70,"column":3}}},"7":{"name":"(anonymous_7)","decl":{"start":{"line":75,"column":4},"end":{"line":75,"column":9}},"loc":{"start":{"line":75,"column":29},"end":{"line":81,"column":3}}},"8":{"name":"(anonymous_8)","decl":{"start":{"line":86,"column":4},"end":{"line":86,"column":9}},"loc":{"start":{"line":86,"column":29},"end":{"line":92,"column":3}}},"9":{"name":"(anonymous_9)","decl":{"start":{"line":97,"column":4},"end":{"line":97,"column":9}},"loc":{"start":{"line":97,"column":29},"end":{"line":103,"column":3}}},"10":{"name":"(anonymous_10)","decl":{"start":{"line":108,"column":4},"end":{"line":108,"column":9}},"loc":{"start":{"line":108,"column":29},"end":{"line":114,"column":3}}},"11":{"name":"(anonymous_11)","decl":{"start":{"line":119,"column":4},"end":{"line":119,"column":9}},"loc":{"start":{"line":119,"column":29},"end":{"line":125,"column":3}}},"12":{"name":"(anonymous_12)","decl":{"start":{"line":130,"column":4},"end":{"line":130,"column":9}},"loc":{"start":{"line":130,"column":29},"end":{"line":136,"column":3}}},"13":{"name":"(anonymous_13)","decl":{"start":{"line":141,"column":4},"end":{"line":141,"column":9}},"loc":{"start":{"line":141,"column":29},"end":{"line":147,"column":3}}}},"branchMap":{},"s":{"0":0,"1":0,"2":0,"3":0,"4":0,"5":0,"6":0,"7":0,"8":0,"9":0,"10":0,"11":0,"12":0,"13":0,"14":0,"15":0,"16":0,"17":0,"18":0,"19":0,"20":0,"21":0,"22":0,"23":0,"24":0,"25":0,"26":0,"27":0,"28":0,"29":0,"30":0,"31":0,"32":0,"33":0,"34":0,"35":0,"36":0,"37":0,"38":0,"39":0,"40":0,"41":0,"42":0,"43":0,"44":0,"45":0,"46":0,"47":0,"48":0,"49":0,"50":0,"51":0,"52":0,"53":0,"54":0,"55":0},"f":{"0":0,"1":0,"2":0,"3":0,"4":0,"5":0,"6":0,"7":0,"8":0,"9":0,"10":0,"11":0,"12":0,"13":0},"b":{}}
,"C:\\Users\\Administrator\\OneDrive\\Desktop\\accomodation\\src\\approvals\\approvals.service.ts": {"path":"C:\\Users\\Administrator\\OneDrive\\Desktop\\accomodation\\src\\approvals\\approvals.service.ts","statementMap":{"0":{"start":{"line":1,"column":0},"end":{"line":1,"column":31}},"1":{"start":{"line":2,"column":0},"end":{"line":2,"column":33}},"2":{"start":{"line":3,"column":0},"end":{"line":3,"column":78}},"3":{"start":{"line":6,"column":37},"end":{"line":9,"column":1}},"4":{"start":{"line":7,"column":21},"end":{"line":7,"column":84}},"5":{"start":{"line":8,"column":2},"end":{"line":8,"column":null}},"6":{"start":{"line":6,"column":13},"end":{"line":6,"column":37}},"7":{"start":{"line":12,"column":38},"end":{"line":15,"column":1}},"8":{"start":{"line":13,"column":20},"end":{"line":13,"column":63}},"9":{"start":{"line":14,"column":2},"end":{"line":14,"column":null}},"10":{"start":{"line":12,"column":13},"end":{"line":12,"column":38}},"11":{"start":{"line":18,"column":38},"end":{"line":21,"column":1}},"12":{"start":{"line":19,"column":19},"end":{"line":19,"column":116}},"13":{"start":{"line":20,"column":2},"end":{"line":20,"column":null}},"14":{"start":{"line":18,"column":13},"end":{"line":18,"column":38}},"15":{"start":{"line":24,"column":43},"end":{"line":27,"column":1}},"16":{"start":{"line":25,"column":19},"end":{"line":25,"column":118}},"17":{"start":{"line":26,"column":2},"end":{"line":26,"column":null}},"18":{"start":{"line":24,"column":13},"end":{"line":24,"column":43}},"19":{"start":{"line":30,"column":43},"end":{"line":33,"column":1}},"20":{"start":{"line":31,"column":19},"end":{"line":31,"column":118}},"21":{"start":{"line":32,"column":2},"end":{"line":32,"column":null}},"22":{"start":{"line":30,"column":13},"end":{"line":30,"column":43}},"23":{"start":{"line":36,"column":42},"end":{"line":39,"column":1}},"24":{"start":{"line":37,"column":19},"end":{"line":37,"column":117}},"25":{"start":{"line":38,"column":2},"end":{"line":38,"column":null}},"26":{"start":{"line":36,"column":13},"end":{"line":36,"column":42}},"27":{"start":{"line":42,"column":42},"end":{"line":45,"column":1}},"28":{"start":{"line":43,"column":18},"end":{"line":43,"column":120}},"29":{"start":{"line":44,"column":2},"end":{"line":44,"column":null}},"30":{"start":{"line":42,"column":13},"end":{"line":42,"column":42}},"31":{"start":{"line":48,"column":43},"end":{"line":51,"column":1}},"32":{"start":{"line":49,"column":19},"end":{"line":49,"column":122}},"33":{"start":{"line":50,"column":2},"end":{"line":50,"column":null}},"34":{"start":{"line":48,"column":13},"end":{"line":48,"column":43}},"35":{"start":{"line":54,"column":43},"end":{"line":57,"column":1}},"36":{"start":{"line":55,"column":19},"end":{"line":55,"column":122}},"37":{"start":{"line":56,"column":2},"end":{"line":56,"column":null}},"38":{"start":{"line":54,"column":13},"end":{"line":54,"column":43}},"39":{"start":{"line":60,"column":41},"end":{"line":66,"column":1}},"40":{"start":{"line":61,"column":26},"end":{"line":64,"column":14}},"41":{"start":{"line":65,"column":2},"end":{"line":65,"column":null}},"42":{"start":{"line":60,"column":13},"end":{"line":60,"column":41}},"43":{"start":{"line":69,"column":46},"end":{"line":75,"column":1}},"44":{"start":{"line":70,"column":26},"end":{"line":73,"column":14}},"45":{"start":{"line":74,"column":2},"end":{"line":74,"column":null}},"46":{"start":{"line":69,"column":13},"end":{"line":69,"column":46}},"47":{"start":{"line":78,"column":45},"end":{"line":84,"column":1}},"48":{"start":{"line":79,"column":26},"end":{"line":82,"column":14}},"49":{"start":{"line":83,"column":2},"end":{"line":83,"column":null}},"50":{"start":{"line":78,"column":13},"end":{"line":78,"column":45}},"51":{"start":{"line":87,"column":41},"end":{"line":90,"column":1}},"52":{"start":{"line":88,"column":2},"end":{"line":88,"column":null}},"53":{"start":{"line":89,"column":2},"end":{"line":89,"column":null}},"54":{"start":{"line":87,"column":13},"end":{"line":87,"column":41}},"55":{"start":{"line":93,"column":45},"end":{"line":96,"column":1}},"56":{"start":{"line":94,"column":2},"end":{"line":94,"column":null}},"57":{"start":{"line":95,"column":2},"end":{"line":95,"column":null}},"58":{"start":{"line":93,"column":13},"end":{"line":93,"column":45}}},"fnMap":{"0":{"name":"(anonymous_1)","decl":{"start":{"line":6,"column":37},"end":{"line":6,"column":42}},"loc":{"start":{"line":6,"column":68},"end":{"line":9,"column":1}}},"1":{"name":"(anonymous_2)","decl":{"start":{"line":12,"column":38},"end":{"line":12,"column":43}},"loc":{"start":{"line":12,"column":49},"end":{"line":15,"column":1}}},"2":{"name":"(anonymous_3)","decl":{"start":{"line":18,"column":38},"end":{"line":18,"column":43}},"loc":{"start":{"line":18,"column":67},"end":{"line":21,"column":1}}},"3":{"name":"(anonymous_4)","decl":{"start":{"line":24,"column":43},"end":{"line":24,"column":48}},"loc":{"start":{"line":24,"column":69},"end":{"line":27,"column":1}}},"4":{"name":"(anonymous_5)","decl":{"start":{"line":30,"column":43},"end":{"line":30,"column":48}},"loc":{"start":{"line":30,"column":69},"end":{"line":33,"column":1}}},"5":{"name":"(anonymous_6)","decl":{"start":{"line":36,"column":42},"end":{"line":36,"column":47}},"loc":{"start":{"line":36,"column":67},"end":{"line":39,"column":1}}},"6":{"name":"(anonymous_7)","decl":{"start":{"line":42,"column":42},"end":{"line":42,"column":47}},"loc":{"start":{"line":42,"column":53},"end":{"line":45,"column":1}}},"7":{"name":"(anonymous_8)","decl":{"start":{"line":48,"column":43},"end":{"line":48,"column":48}},"loc":{"start":{"line":48,"column":54},"end":{"line":51,"column":1}}},"8":{"name":"(anonymous_9)","decl":{"start":{"line":54,"column":43},"end":{"line":54,"column":48}},"loc":{"start":{"line":54,"column":54},"end":{"line":57,"column":1}}},"9":{"name":"(anonymous_10)","decl":{"start":{"line":60,"column":41},"end":{"line":60,"column":46}},"loc":{"start":{"line":60,"column":102},"end":{"line":66,"column":1}}},"10":{"name":"(anonymous_11)","decl":{"start":{"line":69,"column":46},"end":{"line":69,"column":51}},"loc":{"start":{"line":69,"column":104},"end":{"line":75,"column":1}}},"11":{"name":"(anonymous_12)","decl":{"start":{"line":78,"column":45},"end":{"line":78,"column":50}},"loc":{"start":{"line":78,"column":103},"end":{"line":84,"column":1}}},"12":{"name":"(anonymous_13)","decl":{"start":{"line":87,"column":41},"end":{"line":87,"column":46}},"loc":{"start":{"line":87,"column":70},"end":{"line":90,"column":1}}},"13":{"name":"(anonymous_14)","decl":{"start":{"line":93,"column":45},"end":{"line":93,"column":50}},"loc":{"start":{"line":93,"column":71},"end":{"line":96,"column":1}}}},"branchMap":{},"s":{"0":0,"1":0,"2":0,"3":0,"4":0,"5":0,"6":0,"7":0,"8":0,"9":0,"10":0,"11":0,"12":0,"13":0,"14":0,"15":0,"16":0,"17":0,"18":0,"19":0,"20":0,"21":0,"22":0,"23":0,"24":0,"25":0,"26":0,"27":0,"28":0,"29":0,"30":0,"31":0,"32":0,"33":0,"34":0,"35":0,"36":0,"37":0,"38":0,"39":0,"40":0,"41":0,"42":0,"43":0,"44":0,"45":0,"46":0,"47":0,"48":0,"49":0,"50":0,"51":0,"52":0,"53":0,"54":0,"55":0,"56":0,"57":0,"58":0},"f":{"0":0,"1":0,"2":0,"3":0,"4":0,"5":0,"6":0,"7":0,"8":0,"9":0,"10":0,"11":0,"12":0,"13":0},"b":{}}
,"C:\\Users\\Administrator\\OneDrive\\Desktop\\accomodation\\src\\auth\\auth.controller.ts": {"path":"C:\\Users\\Administrator\\OneDrive\\Desktop\\accomodation\\src\\auth\\auth.controller.ts","statementMap":{"0":{"start":{"line":2,"column":0},"end":{"line":2,"column":146}},"1":{"start":{"line":3,"column":0},"end":{"line":3,"column":29}},"2":{"start":{"line":5,"column":0},"end":{"line":5,"column":31}},"3":{"start":{"line":6,"column":0},"end":{"line":6,"column":22}},"4":{"start":{"line":11,"column":36},"end":{"line":24,"column":1}},"5":{"start":{"line":12,"column":2},"end":{"line":23,"column":3}},"6":{"start":{"line":13,"column":17},"end":{"line":13,"column":25}},"7":{"start":{"line":14,"column":29},"end":{"line":14,"column":50}},"8":{"start":{"line":15,"column":27},"end":{"line":15,"column":69}},"9":{"start":{"line":16,"column":4},"end":{"line":16,"column":43}},"10":{"start":{"line":18,"column":24},"end":{"line":18,"column":53}},"11":{"start":{"line":19,"column":4},"end":{"line":19,"column":null}},"12":{"start":{"line":19,"column":22},"end":{"line":19,"column":null}},"13":{"start":{"line":20,"column":6},"end":{"line":20,"column":null}},"14":{"start":{"line":22,"column":4},"end":{"line":22,"column":null}},"15":{"start":{"line":11,"column":13},"end":{"line":11,"column":36}},"16":{"start":{"line":27,"column":37},"end":{"line":38,"column":1}},"17":{"start":{"line":28,"column":2},"end":{"line":37,"column":3}},"18":{"start":{"line":29,"column":19},"end":{"line":29,"column":65}},"19":{"start":{"line":30,"column":4},"end":{"line":30,"column":null}},"20":{"start":{"line":30,"column":17},"end":{"line":30,"column":null}},"21":{"start":{"line":32,"column":17},"end":{"line":32,"column":49}},"22":{"start":{"line":33,"column":4},"end":{"line":33,"column":null}},"23":{"start":{"line":33,"column":15},"end":{"line":33,"column":null}},"24":{"start":{"line":34,"column":6},"end":{"line":34,"column":null}},"25":{"start":{"line":36,"column":4},"end":{"line":36,"column":null}},"26":{"start":{"line":27,"column":13},"end":{"line":27,"column":37}},"27":{"start":{"line":41,"column":36},"end":{"line":49,"column":1}},"28":{"start":{"line":42,"column":2},"end":{"line":48,"column":3}},"29":{"start":{"line":43,"column":18},"end":{"line":43,"column":43}},"30":{"start":{"line":44,"column":4},"end":{"line":44,"column":null}},"31":{"start":{"line":44,"column":36},"end":{"line":44,"column":null}},"32":{"start":{"line":45,"column":6},"end":{"line":45,"column":null}},"33":{"start":{"line":47,"column":4},"end":{"line":47,"column":null}},"34":{"start":{"line":41,"column":13},"end":{"line":41,"column":36}},"35":{"start":{"line":52,"column":35},"end":{"line":97,"column":1}},"36":{"start":{"line":53,"column":2},"end":{"line":96,"column":3}},"37":{"start":{"line":58,"column":17},"end":{"line":58,"column":25}},"38":{"start":{"line":59,"column":22},"end":{"line":59,"column":50}},"39":{"start":{"line":60,"column":4},"end":{"line":60,"column":null}},"40":{"start":{"line":60,"column":20},"end":{"line":60,"column":null}},"41":{"start":{"line":63,"column":22},"end":{"line":63,"column":91}},"42":{"start":{"line":64,"column":4},"end":{"line":64,"column":null}},"43":{"start":{"line":64,"column":20},"end":{"line":64,"column":null}},"44":{"start":{"line":67,"column":20},"end":{"line":75,"column":null}},"45":{"start":{"line":78,"column":19},"end":{"line":78,"column":51}},"46":{"start":{"line":79,"column":4},"end":{"line":79,"column":null}},"47":{"start":{"line":79,"column":17},"end":{"line":79,"column":null}},"48":{"start":{"line":81,"column":18},"end":{"line":81,"column":43}},"49":{"start":{"line":82,"column":4},"end":{"line":92,"column":null}},"50":{"start":{"line":95,"column":4},"end":{"line":95,"column":null}},"51":{"start":{"line":52,"column":13},"end":{"line":52,"column":35}},"52":{"start":{"line":100,"column":36},"end":{"line":115,"column":1}},"53":{"start":{"line":101,"column":2},"end":{"line":114,"column":3}},"54":{"start":{"line":102,"column":19},"end":{"line":102,"column":55}},"55":{"start":{"line":103,"column":4},"end":{"line":103,"column":null}},"56":{"start":{"line":103,"column":16},"end":{"line":103,"column":null}},"57":{"start":{"line":105,"column":26},"end":{"line":105,"column":58}},"58":{"start":{"line":106,"column":4},"end":{"line":106,"column":null}},"59":{"start":{"line":106,"column":23},"end":{"line":106,"column":null}},"60":{"start":{"line":108,"column":17},"end":{"line":108,"column":25}},"61":{"start":{"line":109,"column":24},"end":{"line":109,"column":61}},"62":{"start":{"line":110,"column":4},"end":{"line":110,"column":null}},"63":{"start":{"line":110,"column":21},"end":{"line":110,"column":null}},"64":{"start":{"line":111,"column":6},"end":{"line":111,"column":null}},"65":{"start":{"line":113,"column":4},"end":{"line":113,"column":null}},"66":{"start":{"line":100,"column":13},"end":{"line":100,"column":36}},"67":{"start":{"line":119,"column":36},"end":{"line":133,"column":1}},"68":{"start":{"line":120,"column":2},"end":{"line":132,"column":3}},"69":{"start":{"line":121,"column":19},"end":{"line":121,"column":65}},"70":{"start":{"line":122,"column":4},"end":{"line":122,"column":null}},"71":{"start":{"line":122,"column":16},"end":{"line":122,"column":null}},"72":{"start":{"line":124,"column":26},"end":{"line":124,"column":58}},"73":{"start":{"line":125,"column":4},"end":{"line":125,"column":null}},"74":{"start":{"line":125,"column":23},"end":{"line":125,"column":null}},"75":{"start":{"line":127,"column":22},"end":{"line":127,"column":53}},"76":{"start":{"line":128,"column":4},"end":{"line":128,"column":null}},"77":{"start":{"line":128,"column":19},"end":{"line":128,"column":null}},"78":{"start":{"line":129,"column":6},"end":{"line":129,"column":null}},"79":{"start":{"line":131,"column":4},"end":{"line":131,"column":null}},"80":{"start":{"line":119,"column":13},"end":{"line":119,"column":36}}},"fnMap":{"0":{"name":"(anonymous_1)","decl":{"start":{"line":11,"column":36},"end":{"line":11,"column":41}},"loc":{"start":{"line":11,"column":72},"end":{"line":24,"column":1}}},"1":{"name":"(anonymous_2)","decl":{"start":{"line":27,"column":37},"end":{"line":27,"column":42}},"loc":{"start":{"line":27,"column":75},"end":{"line":38,"column":1}}},"2":{"name":"(anonymous_3)","decl":{"start":{"line":41,"column":36},"end":{"line":41,"column":41}},"loc":{"start":{"line":41,"column":74},"end":{"line":49,"column":1}}},"3":{"name":"(anonymous_4)","decl":{"start":{"line":52,"column":35},"end":{"line":52,"column":40}},"loc":{"start":{"line":52,"column":73},"end":{"line":97,"column":1}}},"4":{"name":"(anonymous_5)","decl":{"start":{"line":100,"column":36},"end":{"line":100,"column":41}},"loc":{"start":{"line":100,"column":74},"end":{"line":115,"column":1}}},"5":{"name":"(anonymous_6)","decl":{"start":{"line":119,"column":36},"end":{"line":119,"column":41}},"loc":{"start":{"line":119,"column":74},"end":{"line":133,"column":1}}}},"branchMap":{"0":{"loc":{"start":{"line":19,"column":4},"end":{"line":19,"column":null}},"type":"if","locations":[{"start":{"line":19,"column":4},"end":{"line":19,"column":null}},{"start":{},"end":{}}]},"1":{"loc":{"start":{"line":29,"column":19},"end":{"line":29,"column":65}},"type":"binary-expr","locations":[{"start":{"line":29,"column":19},"end":{"line":29,"column":41}},{"start":{"line":29,"column":45},"end":{"line":29,"column":65}}]},"2":{"loc":{"start":{"line":30,"column":4},"end":{"line":30,"column":null}},"type":"if","locations":[{"start":{"line":30,"column":4},"end":{"line":30,"column":null}},{"start":{},"end":{}}]},"3":{"loc":{"start":{"line":33,"column":4},"end":{"line":33,"column":null}},"type":"if","locations":[{"start":{"line":33,"column":4},"end":{"line":33,"column":null}},{"start":{},"end":{}}]},"4":{"loc":{"start":{"line":44,"column":4},"end":{"line":44,"column":null}},"type":"if","locations":[{"start":{"line":44,"column":4},"end":{"line":44,"column":null}},{"start":{},"end":{}}]},"5":{"loc":{"start":{"line":44,"column":8},"end":{"line":44,"column":34}},"type":"binary-expr","locations":[{"start":{"line":44,"column":8},"end":{"line":44,"column":14}},{"start":{"line":44,"column":18},"end":{"line":44,"column":34}}]},"6":{"loc":{"start":{"line":60,"column":4},"end":{"line":60,"column":null}},"type":"if","locations":[{"start":{"line":60,"column":4},"end":{"line":60,"column":null}},{"start":{},"end":{}}]},"7":{"loc":{"start":{"line":64,"column":4},"end":{"line":64,"column":null}},"type":"if","locations":[{"start":{"line":64,"column":4},"end":{"line":64,"column":null}},{"start":{},"end":{}}]},"8":{"loc":{"start":{"line":79,"column":4},"end":{"line":79,"column":null}},"type":"if","locations":[{"start":{"line":79,"column":4},"end":{"line":79,"column":null}},{"start":{},"end":{}}]},"9":{"loc":{"start":{"line":102,"column":19},"end":{"line":102,"column":55}},"type":"binary-expr","locations":[{"start":{"line":102,"column":19},"end":{"line":102,"column":36}},{"start":{"line":102,"column":40},"end":{"line":102,"column":55}}]},"10":{"loc":{"start":{"line":103,"column":4},"end":{"line":103,"column":null}},"type":"if","locations":[{"start":{"line":103,"column":4},"end":{"line":103,"column":null}},{"start":{},"end":{}}]},"11":{"loc":{"start":{"line":106,"column":4},"end":{"line":106,"column":null}},"type":"if","locations":[{"start":{"line":106,"column":4},"end":{"line":106,"column":null}},{"start":{},"end":{}}]},"12":{"loc":{"start":{"line":110,"column":4},"end":{"line":110,"column":null}},"type":"if","locations":[{"start":{"line":110,"column":4},"end":{"line":110,"column":null}},{"start":{},"end":{}}]},"13":{"loc":{"start":{"line":121,"column":19},"end":{"line":121,"column":65}},"type":"binary-expr","locations":[{"start":{"line":121,"column":19},"end":{"line":121,"column":41}},{"start":{"line":121,"column":45},"end":{"line":121,"column":65}}]},"14":{"loc":{"start":{"line":122,"column":4},"end":{"line":122,"column":null}},"type":"if","locations":[{"start":{"line":122,"column":4},"end":{"line":122,"column":null}},{"start":{},"end":{}}]},"15":{"loc":{"start":{"line":125,"column":4},"end":{"line":125,"column":null}},"type":"if","locations":[{"start":{"line":125,"column":4},"end":{"line":125,"column":null}},{"start":{},"end":{}}]},"16":{"loc":{"start":{"line":128,"column":4},"end":{"line":128,"column":null}},"type":"if","locations":[{"start":{"line":128,"column":4},"end":{"line":128,"column":null}},{"start":{},"end":{}}]}},"s":{"0":0,"1":0,"2":0,"3":0,"4":0,"5":0,"6":0,"7":0,"8":0,"9":0,"10":0,"11":0,"12":0,"13":0,"14":0,"15":0,"16":0,"17":0,"18":0,"19":0,"20":0,"21":0,"22":0,"23":0,"24":0,"25":0,"26":0,"27":0,"28":0,"29":0,"30":0,"31":0,"32":0,"33":0,"34":0,"35":0,"36":0,"37":0,"38":0,"39":0,"40":0,"41":0,"42":0,"43":0,"44":0,"45":0,"46":0,"47":0,"48":0,"49":0,"50":0,"51":0,"52":0,"53":0,"54":0,"55":0,"56":0,"57":0,"58":0,"59":0,"60":0,"61":0,"62":0,"63":0,"64":0,"65":0,"66":0,"67":0,"68":0,"69":0,"70":0,"71":0,"72":0,"73":0,"74":0,"75":0,"76":0,"77":0,"78":0,"79":0,"80":0},"f":{"0":0,"1":0,"2":0,"3":0,"4":0,"5":0},"b":{"0":[0,0],"1":[0,0],"2":[0,0],"3":[0,0],"4":[0,0],"5":[0,0],"6":[0,0],"7":[0,0],"8":[0,0],"9":[0,0],"10":[0,0],"11":[0,0],"12":[0,0],"13":[0,0],"14":[0,0],"15":[0,0],"16":[0,0]}}
,"C:\\Users\\Administrator\\OneDrive\\Desktop\\accomodation\\src\\auth\\auth.router.ts": {"path":"C:\\Users\\Administrator\\OneDrive\\Desktop\\accomodation\\src\\auth\\auth.router.ts","statementMap":{"0":{"start":{"line":3,"column":0},"end":{"line":3,"column":144}},"1":{"start":{"line":4,"column":0},"end":{"line":4,"column":55}},"2":{"start":{"line":6,"column":13},"end":{"line":64,"column":1}},"3":{"start":{"line":8,"column":2},"end":{"line":17,"column":null}},"4":{"start":{"line":11,"column":6},"end":{"line":15,"column":7}},"5":{"start":{"line":12,"column":8},"end":{"line":12,"column":null}},"6":{"start":{"line":14,"column":8},"end":{"line":14,"column":null}},"7":{"start":{"line":20,"column":2},"end":{"line":28,"column":null}},"8":{"start":{"line":23,"column":4},"end":{"line":27,"column":5}},"9":{"start":{"line":24,"column":6},"end":{"line":24,"column":null}},"10":{"start":{"line":26,"column":6},"end":{"line":26,"column":null}},"11":{"start":{"line":31,"column":2},"end":{"line":39,"column":null}},"12":{"start":{"line":33,"column":6},"end":{"line":37,"column":7}},"13":{"start":{"line":34,"column":8},"end":{"line":34,"column":null}},"14":{"start":{"line":36,"column":8},"end":{"line":36,"column":null}},"15":{"start":{"line":42,"column":2},"end":{"line":50,"column":5}},"16":{"start":{"line":45,"column":4},"end":{"line":49,"column":5}},"17":{"start":{"line":46,"column":6},"end":{"line":46,"column":null}},"18":{"start":{"line":48,"column":6},"end":{"line":48,"column":null}},"19":{"start":{"line":53,"column":2},"end":{"line":61,"column":5}},"20":{"start":{"line":56,"column":4},"end":{"line":60,"column":5}},"21":{"start":{"line":57,"column":6},"end":{"line":57,"column":null}},"22":{"start":{"line":59,"column":6},"end":{"line":59,"column":null}},"23":{"start":{"line":65,"column":0},"end":{"line":65,"column":20}}},"fnMap":{"0":{"name":"(anonymous_0)","decl":{"start":{"line":6,"column":13},"end":{"line":6,"column":14}},"loc":{"start":{"line":6,"column":29},"end":{"line":64,"column":1}}},"1":{"name":"(anonymous_1)","decl":{"start":{"line":10,"column":4},"end":{"line":10,"column":9}},"loc":{"start":{"line":10,"column":29},"end":{"line":16,"column":5}}},"2":{"name":"(anonymous_2)","decl":{"start":{"line":22,"column":4},"end":{"line":22,"column":9}},"loc":{"start":{"line":22,"column":29},"end":{"line":28,"column":3}}},"3":{"name":"(anonymous_3)","decl":{"start":{"line":32,"column":4},"end":{"line":32,"column":9}},"loc":{"start":{"line":32,"column":29},"end":{"line":38,"column":5}}},"4":{"name":"(anonymous_4)","decl":{"start":{"line":44,"column":4},"end":{"line":44,"column":9}},"loc":{"start":{"line":44,"column":29},"end":{"line":50,"column":3}}},"5":{"name":"(anonymous_5)","decl":{"start":{"line":55,"column":4},"end":{"line":55,"column":9}},"loc":{"start":{"line":55,"column":29},"end":{"line":61,"column":3}}}},"branchMap":{},"s":{"0":0,"1":0,"2":0,"3":0,"4":0,"5":0,"6":0,"7":0,"8":0,"9":0,"10":0,"11":0,"12":0,"13":0,"14":0,"15":0,"16":0,"17":0,"18":0,"19":0,"20":0,"21":0,"22":0,"23":0},"f":{"0":0,"1":0,"2":0,"3":0,"4":0,"5":0},"b":{}}
,"C:\\Users\\Administrator\\OneDrive\\Desktop\\accomodation\\src\\auth\\auth.service.ts": {"path":"C:\\Users\\Administrator\\OneDrive\\Desktop\\accomodation\\src\\auth\\auth.service.ts","statementMap":{"0":{"start":{"line":1,"column":0},"end":{"line":1,"column":33}},"1":{"start":{"line":2,"column":0},"end":{"line":2,"column":31}},"2":{"start":{"line":3,"column":0},"end":{"line":3,"column":59}},"3":{"start":{"line":6,"column":33},"end":{"line":9,"column":1}},"4":{"start":{"line":7,"column":18},"end":{"line":7,"column":74}},"5":{"start":{"line":8,"column":2},"end":{"line":8,"column":null}},"6":{"start":{"line":6,"column":13},"end":{"line":6,"column":33}},"7":{"start":{"line":12,"column":34},"end":{"line":15,"column":1}},"8":{"start":{"line":13,"column":15},"end":{"line":13,"column":108}},"9":{"start":{"line":14,"column":2},"end":{"line":14,"column":null}},"10":{"start":{"line":12,"column":13},"end":{"line":12,"column":34}},"11":{"start":{"line":18,"column":33},"end":{"line":21,"column":1}},"12":{"start":{"line":19,"column":16},"end":{"line":19,"column":56}},"13":{"start":{"line":20,"column":2},"end":{"line":20,"column":null}},"14":{"start":{"line":18,"column":13},"end":{"line":18,"column":33}},"15":{"start":{"line":24,"column":32},"end":{"line":37,"column":1}},"16":{"start":{"line":25,"column":22},"end":{"line":25,"column":26}},"17":{"start":{"line":26,"column":2},"end":{"line":36,"column":null}},"18":{"start":{"line":24,"column":13},"end":{"line":24,"column":32}},"19":{"start":{"line":40,"column":33},"end":{"line":46,"column":1}},"20":{"start":{"line":41,"column":22},"end":{"line":44,"column":14}},"21":{"start":{"line":45,"column":2},"end":{"line":45,"column":null}},"22":{"start":{"line":40,"column":13},"end":{"line":40,"column":33}},"23":{"start":{"line":49,"column":33},"end":{"line":53,"column":1}},"24":{"start":{"line":50,"column":2},"end":{"line":51,"column":null}},"25":{"start":{"line":52,"column":2},"end":{"line":52,"column":null}},"26":{"start":{"line":49,"column":13},"end":{"line":49,"column":33}}},"fnMap":{"0":{"name":"(anonymous_1)","decl":{"start":{"line":6,"column":33},"end":{"line":6,"column":38}},"loc":{"start":{"line":6,"column":55},"end":{"line":9,"column":1}}},"1":{"name":"(anonymous_2)","decl":{"start":{"line":12,"column":34},"end":{"line":12,"column":39}},"loc":{"start":{"line":12,"column":64},"end":{"line":15,"column":1}}},"2":{"name":"(anonymous_3)","decl":{"start":{"line":18,"column":33},"end":{"line":18,"column":38}},"loc":{"start":{"line":18,"column":44},"end":{"line":21,"column":1}}},"3":{"name":"(anonymous_4)","decl":{"start":{"line":24,"column":32},"end":{"line":24,"column":37}},"loc":{"start":{"line":24,"column":55},"end":{"line":37,"column":1}}},"4":{"name":"(anonymous_5)","decl":{"start":{"line":40,"column":33},"end":{"line":40,"column":38}},"loc":{"start":{"line":40,"column":78},"end":{"line":46,"column":1}}},"5":{"name":"(anonymous_6)","decl":{"start":{"line":49,"column":33},"end":{"line":49,"column":38}},"loc":{"start":{"line":49,"column":58},"end":{"line":53,"column":1}}}},"branchMap":{},"s":{"0":0,"1":0,"2":0,"3":0,"4":0,"5":0,"6":0,"7":0,"8":0,"9":0,"10":0,"11":0,"12":0,"13":0,"14":0,"15":0,"16":0,"17":0,"18":0,"19":0,"20":0,"21":0,"22":0,"23":0,"24":0,"25":0,"26":0},"f":{"0":0,"1":0,"2":0,"3":0,"4":0,"5":0},"b":{}}
,"C:\\Users\\Administrator\\OneDrive\\Desktop\\accomodation\\src\\bookings\\booking.controller.ts": {"path":"C:\\Users\\Administrator\\OneDrive\\Desktop\\accomodation\\src\\bookings\\booking.controller.ts","statementMap":{"0":{"start":{"line":2,"column":0},"end":{"line":2,"column":175}},"1":{"start":{"line":3,"column":0},"end":{"line":3,"column":62}},"2":{"start":{"line":6,"column":38},"end":{"line":19,"column":1}},"3":{"start":{"line":7,"column":2},"end":{"line":18,"column":3}},"4":{"start":{"line":8,"column":20},"end":{"line":8,"column":28}},"5":{"start":{"line":9,"column":4},"end":{"line":12,"column":5}},"6":{"start":{"line":10,"column":6},"end":{"line":10,"column":null}},"7":{"start":{"line":11,"column":6},"end":{"line":11,"column":null}},"8":{"start":{"line":13,"column":27},"end":{"line":13,"column":62}},"9":{"start":{"line":14,"column":4},"end":{"line":14,"column":null}},"10":{"start":{"line":14,"column":24},"end":{"line":14,"column":null}},"11":{"start":{"line":15,"column":6},"end":{"line":15,"column":null}},"12":{"start":{"line":17,"column":4},"end":{"line":17,"column":null}},"13":{"start":{"line":6,"column":13},"end":{"line":6,"column":38}},"14":{"start":{"line":22,"column":40},"end":{"line":30,"column":1}},"15":{"start":{"line":23,"column":1},"end":{"line":29,"column":2}},"16":{"start":{"line":24,"column":20},"end":{"line":24,"column":49}},"17":{"start":{"line":25,"column":3},"end":{"line":25,"column":null}},"18":{"start":{"line":25,"column":40},"end":{"line":25,"column":null}},"19":{"start":{"line":26,"column":4},"end":{"line":26,"column":null}},"20":{"start":{"line":28,"column":2},"end":{"line":28,"column":null}},"21":{"start":{"line":22,"column":13},"end":{"line":22,"column":40}},"22":{"start":{"line":33,"column":40},"end":{"line":46,"column":1}},"23":{"start":{"line":34,"column":1},"end":{"line":45,"column":2}},"24":{"start":{"line":35,"column":22},"end":{"line":35,"column":64}},"25":{"start":{"line":36,"column":4},"end":{"line":38,"column":5}},"26":{"start":{"line":37,"column":6},"end":{"line":37,"column":null}},"27":{"start":{"line":40,"column":20},"end":{"line":40,"column":58}},"28":{"start":{"line":41,"column":4},"end":{"line":41,"column":null}},"29":{"start":{"line":41,"column":18},"end":{"line":41,"column":null}},"30":{"start":{"line":42,"column":6},"end":{"line":42,"column":null}},"31":{"start":{"line":44,"column":4},"end":{"line":44,"column":null}},"32":{"start":{"line":33,"column":13},"end":{"line":33,"column":40}},"33":{"start":{"line":49,"column":45},"end":{"line":69,"column":1}},"34":{"start":{"line":50,"column":2},"end":{"line":68,"column":3}},"35":{"start":{"line":51,"column":20},"end":{"line":51,"column":58}},"36":{"start":{"line":52,"column":4},"end":{"line":54,"column":5}},"37":{"start":{"line":53,"column":6},"end":{"line":53,"column":null}},"38":{"start":{"line":56,"column":28},"end":{"line":56,"column":62}},"39":{"start":{"line":57,"column":4},"end":{"line":59,"column":5}},"40":{"start":{"line":58,"column":6},"end":{"line":58,"column":null}},"41":{"start":{"line":61,"column":20},"end":{"line":61,"column":61}},"42":{"start":{"line":62,"column":4},"end":{"line":64,"column":5}},"43":{"start":{"line":63,"column":6},"end":{"line":63,"column":null}},"44":{"start":{"line":65,"column":4},"end":{"line":65,"column":null}},"45":{"start":{"line":67,"column":4},"end":{"line":67,"column":null}},"46":{"start":{"line":49,"column":13},"end":{"line":49,"column":45}},"47":{"start":{"line":72,"column":39},"end":{"line":94,"column":1}},"48":{"start":{"line":73,"column":2},"end":{"line":93,"column":3}},"49":{"start":{"line":74,"column":22},"end":{"line":74,"column":64}},"50":{"start":{"line":75,"column":4},"end":{"line":75,"column":null}},"51":{"start":{"line":75,"column":20},"end":{"line":75,"column":null}},"52":{"start":{"line":77,"column":21},"end":{"line":77,"column":29}},"53":{"start":{"line":79,"column":4},"end":{"line":83,"column":5}},"54":{"start":{"line":80,"column":6},"end":{"line":80,"column":null}},"55":{"start":{"line":81,"column":6},"end":{"line":81,"column":null}},"56":{"start":{"line":82,"column":6},"end":{"line":82,"column":null}},"57":{"start":{"line":85,"column":27},"end":{"line":85,"column":65}},"58":{"start":{"line":86,"column":4},"end":{"line":86,"column":null}},"59":{"start":{"line":86,"column":25},"end":{"line":86,"column":null}},"60":{"start":{"line":88,"column":27},"end":{"line":88,"column":74}},"61":{"start":{"line":89,"column":4},"end":{"line":89,"column":null}},"62":{"start":{"line":89,"column":25},"end":{"line":89,"column":null}},"63":{"start":{"line":90,"column":6},"end":{"line":90,"column":null}},"64":{"start":{"line":92,"column":4},"end":{"line":92,"column":null}},"65":{"start":{"line":72,"column":13},"end":{"line":72,"column":39}},"66":{"start":{"line":97,"column":39},"end":{"line":114,"column":1}},"67":{"start":{"line":98,"column":2},"end":{"line":113,"column":3}},"68":{"start":{"line":99,"column":22},"end":{"line":99,"column":64}},"69":{"start":{"line":100,"column":6},"end":{"line":102,"column":7}},"70":{"start":{"line":101,"column":8},"end":{"line":101,"column":null}},"71":{"start":{"line":105,"column":32},"end":{"line":105,"column":70}},"72":{"start":{"line":106,"column":6},"end":{"line":106,"column":null}},"73":{"start":{"line":106,"column":30},"end":{"line":106,"column":null}},"74":{"start":{"line":108,"column":27},"end":{"line":108,"column":64}},"75":{"start":{"line":109,"column":4},"end":{"line":109,"column":null}},"76":{"start":{"line":109,"column":25},"end":{"line":109,"column":nul
[...]
}},"51":{"start":{"line":81,"column":6},"end":{"line":81,"column":null}},"52":{"start":{"line":84,"column":24},"end":{"line":84,"column":56}},"53":{"start":{"line":85,"column":4},"end":{"line":87,"column":5}},"54":{"start":{"line":86,"column":6},"end":{"line":86,"column":null}},"55":{"start":{"line":88,"column":4},"end":{"line":88,"column":null}},"56":{"start":{"line":90,"column":4},"end":{"line":90,"column":null}},"57":{"start":{"line":72,"column":13},"end":{"line":72,"column":36}},"58":{"start":{"line":95,"column":40},"end":{"line":110,"column":1}},"59":{"start":{"line":96,"column":2},"end":{"line":109,"column":3}},"60":{"start":{"line":97,"column":25},"end":{"line":97,"column":73}},"61":{"start":{"line":98,"column":4},"end":{"line":100,"column":5}},"62":{"start":{"line":99,"column":6},"end":{"line":99,"column":null}},"63":{"start":{"line":102,"column":17},"end":{"line":102,"column":58}},"64":{"start":{"line":103,"column":4},"end":{"line":105,"column":5}},"65":{"start":{"line":104,"column":6},"end":{"line":104,"column":null}},"66":{"start":{"line":106,"column":4},"end":{"line":106,"column":null}},"67":{"start":{"line":108,"column":4},"end":{"line":108,"column":null}},"68":{"start":{"line":95,"column":13},"end":{"line":95,"column":40}},"69":{"start":{"line":113,"column":40},"end":{"line":124,"column":1}},"70":{"start":{"line":114,"column":1},"end":{"line":122,"column":2}},"71":{"start":{"line":115,"column":23},"end":{"line":115,"column":52}},"72":{"start":{"line":116,"column":2},"end":{"line":118,"column":3}},"73":{"start":{"line":117,"column":4},"end":{"line":117,"column":null}},"74":{"start":{"line":119,"column":2},"end":{"line":119,"column":null}},"75":{"start":{"line":121,"column":2},"end":{"line":121,"column":null}},"76":{"start":{"line":113,"column":13},"end":{"line":113,"column":40}},"77":{"start":{"line":127,"column":40},"end":{"line":137,"column":1}},"78":{"start":{"line":128,"column":2},"end":{"line":136,"column":3}},"79":{"start":{"line":129,"column":24},"end":{"line":129,"column":53}},"80":{"start":{"line":130,"column":4},"end":{"line":132,"column":5}},"81":{"start":{"line":131,"column":6},"end":{"line":131,"column":null}},"82":{"start":{"line":133,"column":4},"end":{"line":133,"column":null}},"83":{"start":{"line":135,"column":4},"end":{"line":135,"column":null}},"84":{"start":{"line":127,"column":13},"end":{"line":127,"column":40}},"85":{"start":{"line":140,"column":42},"end":{"line":150,"column":1}},"86":{"start":{"line":141,"column":2},"end":{"line":149,"column":3}},"87":{"start":{"line":142,"column":24},"end":{"line":142,"column":55}},"88":{"start":{"line":143,"column":2},"end":{"line":145,"column":3}},"89":{"start":{"line":144,"column":4},"end":{"line":144,"column":null}},"90":{"start":{"line":146,"column":2},"end":{"line":146,"column":null}},"91":{"start":{"line":148,"column":4},"end":{"line":148,"column":null}},"92":{"start":{"line":140,"column":13},"end":{"line":140,"column":42}}},"fnMap":{"0":{"name":"(anonymous_0)","decl":{"start":{"line":5,"column":36},"end":{"line":5,"column":41}},"loc":{"start":{"line":5,"column":73},"end":{"line":15,"column":1}}},"1":{"name":"(anonymous_1)","decl":{"start":{"line":18,"column":37},"end":{"line":18,"column":42}},"loc":{"start":{"line":18,"column":73},"end":{"line":28,"column":1}}},"2":{"name":"(anonymous_2)","decl":{"start":{"line":31,"column":38},"end":{"line":31,"column":43}},"loc":{"start":{"line":31,"column":76},"end":{"line":45,"column":1}}},"3":{"name":"(anonymous_3)","decl":{"start":{"line":48,"column":36},"end":{"line":48,"column":41}},"loc":{"start":{"line":48,"column":74},"end":{"line":69,"column":1}}},"4":{"name":"(anonymous_4)","decl":{"start":{"line":72,"column":36},"end":{"line":72,"column":41}},"loc":{"start":{"line":72,"column":74},"end":{"line":92,"column":1}}},"5":{"name":"(anonymous_5)","decl":{"start":{"line":95,"column":40},"end":{"line":95,"column":45}},"loc":{"start":{"line":95,"column":78},"end":{"line":110,"column":1}}},"6":{"name":"(anonymous_6)","decl":{"start":{"line":113,"column":40},"end":{"line":113,"column":45}},"loc":{"start":{"line":113,"column":78},"end":{"line":124,"column":1}}},"7":{"name":"(anonymous_7)","decl":{"start":{"line":127,"column":40},"end":{"line":127,"column":45}},"loc":{"start":{"line":127,"column":78},"end":{"line":137,"column":1}}},"8":{"name":"(anonymous_8)","decl":{"start":{"line":140,"column":42},"end":{"line":140,"column":47}},"loc":{"start":{"line":140,"column":80},"end":{"line":150,"column":1}}}},"branchMap":{"0":{"loc":{"start":{"line":10,"column":4},"end":{"line":10,"column":null}},"type":"if","locations":[{"start":{"line":10,"column":4},"end":{"line":10,"column":null}},{"start":{},"end":{}}]},"1":{"loc":{"start":{"line":21,"column":4},"end":{"line":23,"column":5}},"type":"if","locations":[{"start":{"line":21,"column":4},"end":{"line":23,"column":5}},{"start":{},"end":{}}]},"2":{"loc":{"start":{"line":21,"column":7},"end":{"line":21,"column":35}},"type":"binary-expr","locations":[{"start":{"line":21,"column":7},"end":{"line":21,"column":13}},{"start":{"line":21,"column":17},"end":{"line":21,"column":35}}]},"3":{"loc":{"start":{"line":33,"column":20},"end":{"line":33,"column":58}},"type":"binary-expr","locations":[{"start":{"line":33,"column":20},"end":{"line":33,"column":38}},{"start":{"line":33,"column":42},"end":{"line":33,"column":58}}]},"4":{"loc":{"start":{"line":34,"column":4},"end":{"line":36,"column":5}},"type":"if","locations":[{"start":{"line":34,"column":4},"end":{"line":36,"column":5}},{"start":{},"end":{}}]},"5":{"loc":{"start":{"line":38,"column":4},"end":{"line":40,"column":5}},"type":"if","locations":[{"start":{"line":38,"column":4},"end":{"line":40,"column":5}},{"start":{},"end":{}}]},"6":{"loc":{"start":{"line":50,"column":20},"end":{"line":50,"column":58}},"type":"binary-expr","locations":[{"start":{"line":50,"column":20},"end":{"line":50,"column":38}},{"start":{"line":50,"column":42},"end":{"line":50,"column":58}}]},"7":{"loc":{"start":{"line":51,"column":4},"end":{"line":53,"column":5}},"type":"if","locations":[{"start":{"line":51,"column":4},"end":{"line":53,"column":5}},{"start":{},"end":{}}]},"8":{"loc":{"start":{"line":57,"column":4},"end":{"line":59,"column":5}},"type":"if","locations":[{"start":{"line":57,"column":4},"end":{"line":59,"column":5}},{"start":{},"end":{}}]},"9":{"loc":{"start":{"line":62,"column":4},"end":{"line":64,"column":5}},"type":"if","locations":[{"start":{"line":62,"column":4},"end":{"line":64,"column":5}},{"start":{},"end":{}}]},"10":{"loc":{"start":{"line":62,"column":8},"end":{"line":62,"column":48}},"type":"binary-expr","locations":[{"start":{"line":62,"column":8},"end":{"line":62,"column":20}},{"start":{"line":62,"column":24},"end":{"line":62,"column":48}}]},"11":{"loc":{"start":{"line":74,"column":20},"end":{"line":74,"column":58}},"type":"binary-expr","locations":[{"start":{"line":74,"column":20},"end":{"line":74,"column":38}},{"start":{"line":74,"column":42},"end":{"line":74,"column":58}}]},"12":{"loc":{"start":{"line":75,"column":4},"end":{"line":77,"column":5}},"type":"if","locations":[{"start":{"line":75,"column":4},"end":{"line":77,"column":5}},{"start":{},"end":{}}]},"13":{"loc":{"start":{"line":80,"column":4},"end":{"line":82,"column":5}},"type":"if","locations":[{"start":{"line":80,"column":4},"end":{"line":82,"column":5}},{"start":{},"end":{}}]},"14":{"loc":{"start":{"line":85,"column":4},"end":{"line":87,"column":5}},"type":"if","locations":[{"start":{"line":85,"column":4},"end":{"line":87,"column":5}},{"start":{},"end":{}}]},"15":{"loc":{"start":{"line":97,"column":25},"end":{"line":97,"column":73}},"type":"binary-expr","locations":[{"start":{"line":97,"column":25},"end":{"line":97,"column":48}},{"start":{"line":97,"column":52},"end":{"line":97,"column":73}}]},"16":{"loc":{"start":{"line":98,"column":4},"end":{"line":100,"column":5}},"type":"if","locations":[{"start":{"line":98,"column":4},"end":{"line":100,"column":5}},{"start":{},"end":{}}]},"17":{"loc":{"start":{"line":103,"column":4},"end":{"line":105,"column":5}},"type":"if","locations":[{"start":{"line":103,"column":4},"end":{"line":105,"column":5}},{"start":{},"end":{}}]},"18":{"loc":{"start":{"line":103,"column":8},"end":{"line":103,"column":34}},"type":"binary-expr","locations":[{"start":{"line":103,"column":8},"end":{"line":103,"column":13}},{"start":{"line":103,"column":17},"end":{"line":103,"column":34}}]},"19":{"loc":{"start":{"line":116,"column":2},"end":{"line":118,"column":3}},"type":"if","locations":[{"start":{"line":116,"column":2},"end":{"line":118,"column":3}},{"start":{},"end":{}}]},"20":{"loc":{"start":{"line":130,"column":4},"end":{"line":132,"column":5}},"type":"if","locations":[{"start":{"line":130,"column":4},"end":{"line":132,"column":5}},{"start":{},"end":{}}]},"21":{"loc":{"start":{"line":143,"column":2},"end":{"line":145,"column":3}},"type":"if","locations":[{"start":{"line":143,"column":2},"end":{"line":145,"column":3}},{"start":{},"end":{}}]}},"s":{"0":0,"1":0,"2":0,"3":0,"4":0,"5":0,"6":0,"7":0,"8":0,"9":0,"10":0,"11":0,"12":0,"13":0,"14":0,"15":0,"16":0,"17":0,"18":0,"19":0,"20":0,"21":0,"22":0,"23":0,"24":0,"25":0,"26":0,"27":0,"28":0,"29":0,"30":0,"31":0,"32":0,"33":0,"34":0,"35":0,"36":0,"37":0,"38":0,"39":0,"40":0,"41":0,"42":0,"43":0,"44":0,"45":0,"46":0,"47":0,"48":0,"49":0,"50":0,"51":0,"52":0,"53":0,"54":0,"55":0,"56":0,"57":0,"58":0,"59":0,"60":0,"61":0,"62":0,"63":0,"64":0,"65":0,"66":0,"67":0,"68":0,"69":0,"70":0,"71":0,"72":0,"73":0,"74":0,"75":0,"76":0,"77":0,"78":0,"79":0,"80":0,"81":0,"82":0,"83":0,"84":0,"85":0,"86":0,"87":0,"88":0,"89":0,"90":0,"91":0,"92":0},"f":{"0":0,"1":0,"2":0,"3":0,"4":0,"5":0,"6":0,"7":0,"8":0},"b":{"0":[0,0],"1":[0,0],"2":[0,0],"3":[0,0],"4":[0,0],"5":[0,0],"6":[0,0],"7":[0,0],"8":[0,0],"9":[0,0],"10":[0,0],"11":[0,0],"12":[0,0],"13":[0,0],"14":[0,0],"15":[0,0],"16":[0,0],"17":[0,0],"18":[0,0],"19":[0,0],"20":[0,0],"21":[0,0]}}
,"C:\\Users\\Administrator\\OneDrive\\Desktop\\accomodation\\src\\rooms\\room.route.ts": {"path":"C:\\Users\\Administrator\\OneDrive\\Desktop\\accomodation\\src\\rooms\\room.route.ts","statementMap":{"0":{"start":{"line":2,"column":0},"end":{"line":2,"column":254}},"1":{"start":{"line":3,"column":0},"end":{"line":3,"column":69}},"2":{"start":{"line":6,"column":14},"end":{"line":111,"column":1}},"3":{"start":{"line":8,"column":2},"end":{"line":16,"column":5}},"4":{"start":{"line":11,"column":4},"end":{"line":15,"column":5}},"5":{"start":{"line":12,"column":6},"end":{"line":12,"column":null}},"6":{"start":{"line":14,"column":6},"end":{"line":14,"column":null}},"7":{"start":{"line":19,"column":2},"end":{"line":27,"column":7}},"8":{"start":{"line":22,"column":6},"end":{"line":26,"column":7}},"9":{"start":{"line":23,"column":8},"end":{"line":23,"column":null}},"10":{"start":{"line":25,"column":8},"end":{"line":25,"column":null}},"11":{"start":{"line":30,"column":2},"end":{"line":38,"column":7}},"12":{"start":{"line":33,"column":6},"end":{"line":37,"column":7}},"13":{"start":{"line":34,"column":8},"end":{"line":34,"column":null}},"14":{"start":{"line":36,"column":8},"end":{"line":36,"column":null}},"15":{"start":{"line":41,"column":2},"end":{"line":50,"column":4}},"16":{"start":{"line":44,"column":6},"end":{"line":48,"column":7}},"17":{"start":{"line":45,"column":8},"end":{"line":45,"column":null}},"18":{"start":{"line":47,"column":8},"end":{"line":47,"column":null}},"19":{"start":{"line":53,"column":2},"end":{"line":62,"column":null}},"20":{"start":{"line":56,"column":6},"end":{"line":60,"column":7}},"21":{"start":{"line":57,"column":8},"end":{"line":57,"column":null}},"22":{"start":{"line":59,"column":8},"end":{"line":59,"column":null}},"23":{"start":{"line":65,"column":2},"end":{"line":74,"column":null}},"24":{"start":{"line":68,"column":6},"end":{"line":72,"column":7}},"25":{"start":{"line":69,"column":8},"end":{"line":69,"column":null}},"26":{"start":{"line":71,"column":8},"end":{"line":71,"column":null}},"27":{"start":{"line":77,"column":2},"end":{"line":86,"column":4}},"28":{"start":{"line":80,"column":6},"end":{"line":84,"column":7}},"29":{"start":{"line":81,"column":8},"end":{"line":81,"column":null}},"30":{"start":{"line":83,"column":8},"end":{"line":83,"column":null}},"31":{"start":{"line":89,"column":2},"end":{"line":98,"column":4}},"32":{"start":{"line":92,"column":6},"end":{"line":96,"column":7}},"33":{"start":{"line":93,"column":8},"end":{"line":93,"column":null}},"34":{"start":{"line":95,"column":8},"end":{"line":95,"column":null}},"35":{"start":{"line":101,"column":2},"end":{"line":110,"column":4}},"36":{"start":{"line":104,"column":6},"end":{"line":108,"column":7}},"37":{"start":{"line":105,"column":8},"end":{"line":105,"column":null}},"38":{"start":{"line":107,"column":8},"end":{"line":107,"column":null}},"39":{"start":{"line":112,"column":0},"end":{"line":112,"column":null}}},"fnMap":{"0":{"name":"(anonymous_0)","decl":{"start":{"line":6,"column":14},"end":{"line":6,"column":15}},"loc":{"start":{"line":6,"column":30},"end":{"line":111,"column":1}}},"1":{"name":"(anonymous_1)","decl":{"start":{"line":10,"column":4},"end":{"line":10,"column":9}},"loc":{"start":{"line":10,"column":29},"end":{"line":16,"column":3}}},"2":{"name":"(anonymous_2)","decl":{"start":{"line":21,"column":4},"end":{"line":21,"column":9}},"loc":{"start":{"line":21,"column":29},"end":{"line":27,"column":5}}},"3":{"name":"(anonymous_3)","decl":{"start":{"line":32,"column":4},"end":{"line":32,"column":9}},"loc":{"start":{"line":32,"column":29},"end":{"line":38,"column":5}}},"4":{"name":"(anonymous_4)","decl":{"start":{"line":43,"column":4},"end":{"line":43,"column":9}},"loc":{"start":{"line":43,"column":29},"end":{"line":49,"column":5}}},"5":{"name":"(anonymous_5)","decl":{"start":{"line":55,"column":4},"end":{"line":55,"column":9}},"loc":{"start":{"line":55,"column":29},"end":{"line":61,"column":5}}},"6":{"name":"(anonymous_6)","decl":{"start":{"line":67,"column":4},"end":{"line":67,"column":9}},"loc":{"start":{"line":67,"column":29},"end":{"line":73,"column":5}}},"7":{"name":"(anonymous_7)","decl":{"start":{"line":79,"column":4},"end":{"line":79,"column":9}},"loc":{"start":{"line":79,"column":29},"end":{"line":85,"column":5}}},"8":{"name":"(anonymous_8)","decl":{"start":{"line":91,"column":4},"end":{"line":91,"column":9}},"loc":{"start":{"line":91,"column":29},"end":{"line":97,"column":5}}},"9":{"name":"(anonymous_9)","decl":{"start":{"line":103,"column":4},"end":{"line":103,"column":9}},"loc":{"start":{"line":103,"column":29},"end":{"line":109,"column":5}}}},"branchMap":{},"s":{"0":0,"1":0,"2":0,"3":0,"4":0,"5":0,"6":0,"7":0,"8":0,"9":0,"10":0,"11":0,"12":0,"13":0,"14":0,"15":0,"16":0,"17":0,"18":0,"19":0,"20":0,"21":0,"22":0,"23":0,"24":0,"25":0,"26":0,"27":0,"28":0,"29":0,"30":0,"31":0,"32":0,"33":0,"34":0,"35":0,"36":0,"37":0,"38":0,"39":0},"f":{"0":0,"1":0,"2":0,"3":0,"4":0,"5":0,"6":0,"7":0,"8":0,"9":0},"b":{}}
,"C:\\Users\\Administrator\\OneDrive\\Desktop\\accomodation\\src\\rooms\\room.service.ts": {"path":"C:\\Users\\Administrator\\OneDrive\\Desktop\\accomodation\\src\\rooms\\room.service.ts","statementMap":{"0":{"start":{"line":1,"column":0},"end":{"line":1,"column":43}},"1":{"start":{"line":2,"column":0},"end":{"line":2,"column":31}},"2":{"start":{"line":3,"column":0},"end":{"line":3,"column":91}},"3":{"start":{"line":6,"column":33},"end":{"line":12,"column":1}},"4":{"start":{"line":7,"column":23},"end":{"line":7,"column":75}},"5":{"start":{"line":8,"column":2},"end":{"line":10,"column":3}},"6":{"start":{"line":9,"column":4},"end":{"line":9,"column":null}},"7":{"start":{"line":11,"column":2},"end":{"line":11,"column":null}},"8":{"start":{"line":6,"column":13},"end":{"line":6,"column":33}},"9":{"start":{"line":15,"column":34},"end":{"line":21,"column":1}},"10":{"start":{"line":16,"column":16},"end":{"line":18,"column":4}},"11":{"start":{"line":20,"column":2},"end":{"line":20,"column":null}},"12":{"start":{"line":15,"column":13},"end":{"line":15,"column":34}},"13":{"start":{"line":24,"column":35},"end":{"line":27,"column":1}},"14":{"start":{"line":25,"column":15},"end":{"line":25,"column":95}},"15":{"start":{"line":26,"column":2},"end":{"line":26,"column":null}},"16":{"start":{"line":24,"column":13},"end":{"line":24,"column":35}},"17":{"start":{"line":30,"column":33},"end":{"line":36,"column":1}},"18":{"start":{"line":31,"column":22},"end":{"line":34,"column":14}},"19":{"start":{"line":35,"column":2},"end":{"line":35,"column":21}},"20":{"start":{"line":30,"column":13},"end":{"line":30,"column":33}},"21":{"start":{"line":39,"column":33},"end":{"line":42,"column":1}},"22":{"start":{"line":40,"column":2},"end":{"line":40,"column":84}},"23":{"start":{"line":41,"column":2},"end":{"line":41,"column":24}},"24":{"start":{"line":39,"column":13},"end":{"line":39,"column":33}},"25":{"start":{"line":45,"column":39},"end":{"line":62,"column":1}},"26":{"start":{"line":46,"column":26},"end":{"line":60,"column":38}},"27":{"start":{"line":61,"column":2},"end":{"line":61,"column":23}},"28":{"start":{"line":45,"column":13},"end":{"line":45,"column":39}},"29":{"start":{"line":65,"column":37},"end":{"line":71,"column":1}},"30":{"start":{"line":66,"column":22},"end":{"line":69,"column":4}},"31":{"start":{"line":70,"column":2},"end":{"line":70,"column":21}},"32":{"start":{"line":65,"column":13},"end":{"line":65,"column":37}},"33":{"start":{"line":74,"column":37},"end":{"line":92,"column":1}},"34":{"start":{"line":75,"column":22},"end":{"line":90,"column":38}},"35":{"start":{"line":91,"column":2},"end":{"line":91,"column":21}},"36":{"start":{"line":74,"column":13},"end":{"line":74,"column":37}},"37":{"start":{"line":95,"column":37},"end":{"line":106,"column":1}},"38":{"start":{"line":97,"column":22},"end":{"line":104,"column":52}},"39":{"start":{"line":105,"column":2},"end":{"line":105,"column":21}},"40":{"start":{"line":95,"column":13},"end":{"line":95,"column":37}}},"fnMap":{"0":{"name":"(anonymous_1)","decl":{"start":{"line":6,"column":33},"end":{"line":6,"column":38}},"loc":{"start":{"line":6,"column":55},"end":{"line":12,"column":1}}},"1":{"name":"(anonymous_2)","decl":{"start":{"line":15,"column":34},"end":{"line":15,"column":39}},"loc":{"start":{"line":15,"column":45},"end":{"line":21,"column":1}}},"2":{"name":"(anonymous_3)","decl":{"start":{"line":24,"column":35},"end":{"line":24,"column":40}},"loc":{"start":{"line":24,"column":60},"end":{"line":27,"column":1}}},"3":{"name":"(anonymous_4)","decl":{"start":{"line":30,"column":33},"end":{"line":30,"column":38}},"loc":{"start":{"line":30,"column":86},"end":{"line":36,"column":1}}},"4":{"name":"(anonymous_5)","decl":{"start":{"line":39,"column":33},"end":{"line":39,"column":38}},"loc":{"start":{"line":39,"column":58},"end":{"line":42,"column":1}}},"5":{"name":"(anonymous_6)","decl":{"start":{"line":45,"column":39},"end":{"line":45,"column":44}},"loc":{"start":{"line":45,"column":50},"end":{"line":62,"column":1}}},"6":{"name":"(anonymous_7)","decl":{"start":{"line":65,"column":37},"end":{"line":65,"column":42}},"loc":{"start":{"line":65,"column":48},"end":{"line":71,"column":1}}},"7":{"name":"(anonymous_8)","decl":{"start":{"line":74,"column":37},"end":{"line":74,"column":42}},"loc":{"start":{"line":74,"column":48},"end":{"line":92,"column":1}}},"8":{"name":"(anonymous_9)","decl":{"start":{"line":95,"column":37},"end":{"line":95,"column":42}},"loc":{"start":{"line":95,"column":68},"end":{"line":106,"column":1}}}},"branchMap":{"0":{"loc":{"start":{"line":8,"column":2},"end":{"line":10,"column":3}},"type":"if","locations":[{"start":{"line":8,"column":2},"end":{"line":10,"column":3}},{"start":{},"end":{}}]}},"s":{"0":0,"1":0,"2":0,"3":0,"4":0,"5":0,"6":0,"7":0,"8":0,"9":0,"10":0,"11":0,"12":0,"13":0,"14":0,"15":0,"16":0,"17":0,"18":0,"19":0,"20":0,"21":0,"22":0,"23":0,"24":0,"25":0,"26":0,"27":0,"28":0,"29":0,"30":0,"31":0,"32":0,"33":0,"34":0,"35":0,"36":0,"37":0,"38":0,"39":0,"40":0},"f":{"0":0,"1":0,"2":0,"3":0,"4":0,"5":0,"6":0,"7":0,"8":0},"b":{"0":[0,0]}}
}
