TN:
SF:src\index.ts
FN:93,(anonymous_1)
FN:100,main
FN:146,(anonymous_3)
FNF:3
FNH:0
FNDA:0,(anonymous_1)
FNDA:0,main
FNDA:0,(anonymous_3)
DA:1,0
DA:2,0
DA:3,0
DA:93,0
DA:94,0
DA:97,0
DA:135,0
DA:136,0
DA:137,0
DA:139,0
DA:146,0
DA:147,0
DA:148,0
LF:13
LH:0
BRDA:136,0,0,0
BRDA:136,0,1,0
BRF:2
BRH:0
end_of_record
TN:
SF:src\server.ts
FN:30,(anonymous_1)
FN:31,(anonymous_2)
FNF:2
FNH:0
FNDA:0,(anonymous_1)
FNDA:0,(anonymous_2)
DA:1,0
DA:2,0
DA:3,0
DA:4,0
DA:5,0
DA:6,0
DA:7,0
DA:9,0
DA:11,0
DA:12,0
DA:19,0
DA:22,0
DA:23,0
DA:24,0
DA:25,0
DA:26,0
DA:27,0
DA:28,0
DA:30,0
DA:31,0
LF:20
LH:0
BRF:0
BRH:0
end_of_record
TN:
SF:src\Drizzle\db.ts
FN:8,(anonymous_9)
FN:11,(anonymous_10)
FN:13,(anonymous_11)
FNF:3
FNH:0
FNDA:0,(anonymous_9)
FNDA:0,(anonymous_10)
FNDA:0,(anonymous_11)
DA:1,0
DA:2,0
DA:3,0
DA:4,0
DA:5,0
DA:8,0
DA:9,0
DA:11,0
DA:12,0
DA:14,0
DA:16,0
DA:17,0
LF:12
LH:0
BRF:0
BRH:0
end_of_record
TN:
SF:src\Drizzle\migrate.ts
FN:5,migration
FN:17,(anonymous_10)
FNF:2
FNH:0
FNDA:0,migration
FNDA:0,(anonymous_10)
DA:1,0
DA:2,0
DA:3,0
DA:6,0
DA:7,0
DA:10,0
DA:11,0
DA:12,0
DA:13,0
DA:14,0
DA:17,0
DA:18,0
DA:19,0
LF:13
LH:0
BRDA:6,0,0,0
BRDA:6,0,1,0
BRF:2
BRH:0
end_of_record
TN:
SF:src\Drizzle\schema.ts
FN:57,(anonymous_0)
FN:70,(anonymous_1)
FN:71,(anonymous_2)
FN:82,(anonymous_3)
FN:90,(anonymous_4)
FN:91,(anonymous_5)
FN:92,(anonymous_6)
FN:100,(anonymous_7)
FN:101,(anonymous_8)
FN:102,(anonymous_9)
FN:110,(anonymous_10)
FN:118,(anonymous_11)
FN:130,(anonymous_12)
FN:143,(anonymous_13)
FN:156,(anonymous_14)
FN:166,(anonymous_15)
FN:187,(anonymous_16)
FNF:17
FNH:0
FNDA:0,(anonymous_0)
FNDA:0,(anonymous_1)
FNDA:0,(anonymous_2)
FNDA:0,(anonymous_3)
FNDA:0,(anonymous_4)
FNDA:0,(anonymous_5)
FNDA:0,(anonymous_6)
FNDA:0,(anonymous_7)
FNDA:0,(anonymous_8)
FNDA:0,(anonymous_9)
FNDA:0,(anonymous_10)
FNDA:0,(anonymous_11)
FNDA:0,(anonymous_12)
FNDA:0,(anonymous_13)
FNDA:0,(anonymous_14)
FNDA:0,(anonymous_15)
FNDA:0,(anonymous_16)
DA:1,0
DA:15,0
DA:19,0
DA:21,0
DA:23,0
DA:25,0
DA:27,0
DA:29,0
DA:34,0
DA:44,0
DA:55,0
DA:57,0
DA:68,0
DA:70,0
DA:71,0
DA:80,0
DA:82,0
DA:88,0
DA:90,0
DA:91,0
DA:92,0
DA:98,0
DA:100,0
DA:101,0
DA:102,0
DA:110,0
DA:118,0
DA:130,0
DA:143,0
DA:156,0
DA:166,0
DA:187,0
LF:32
LH:0
BRF:0
BRH:0
end_of_record
TN:
SF:src\Drizzle\seed.ts
FN:10,seed
FNF:1
FNH:0
FNDA:0,seed
DA:1,0
DA:2,0
DA:3,0
DA:11,0
DA:13,0
DA:15,0
DA:16,0
DA:17,0
DA:18,0
DA:19,0
DA:20,0
DA:21,0
DA:24,0
DA:36,0
DA:85,0
DA:213,0
DA:214,0
DA:216,0
DA:217,0
DA:222,0
LF:20
LH:0
BRF:0
BRH:0
end_of_record
TN:
SF:src\_tests_\basicUtils.ts
FN:3,authenticateUser
FNF:1
FNH:1
FNDA:2,authenticateUser
DA:3,1
DA:4,2
DA:6,2
LF:3
LH:3
BRDA:4,0,0,2
BRDA:4,0,1,1
BRF:2
BRH:2
end_of_record
TN:
SF:src\approvals\approvals.controller.ts
FN:8,(anonymous_0)
FN:20,(anonymous_1)
FN:31,(anonymous_2)
FN:48,(anonymous_3)
FN:65,(anonymous_4)
FN:82,(anonymous_5)
FN:99,(anonymous_6)
FN:110,(anonymous_7)
FN:121,(anonymous_8)
FN:132,(anonymous_9)
FN:150,(anonymous_10)
FN:168,(anonymous_11)
FN:186,(anonymous_12)
FN:203,(anonymous_13)
FNF:14
FNH:0
FNDA:0,(anonymous_0)
FNDA:0,(anonymous_1)
FNDA:0,(anonymous_2)
FNDA:0,(anonymous_3)
FNDA:0,(anonymous_4)
FNDA:0,(anonymous_5)
FNDA:0,(anonymous_6)
FNDA:0,(anonymous_7)
FNDA:0,(anonymous_8)
FNDA:0,(anonymous_9)
FNDA:0,(anonymous_10)
FNDA:0,(anonymous_11)
FNDA:0,(anonymous_12)
FNDA:0,(anonymous_13)
DA:2,0
DA:3,0
DA:4,0
DA:5,0
DA:8,0
DA:9,0
DA:10,0
DA:11,0
DA:12,0
DA:13,0
DA:15,0
DA:20,0
DA:21,0
DA:22,0
DA:23,0
DA:24,0
DA:26,0
DA:31,0
DA:32,0
DA:33,0
DA:34,0
DA:36,0
DA:37,0
DA:39,0
DA:40,0
DA:41,0
DA:43,0
DA:48,0
DA:49,0
DA:50,0
DA:51,0
DA:53,0
DA:54,0
DA:56,0
DA:57,0
DA:58,0
DA:60,0
DA:65,0
DA:66,0
DA:67,0
DA:68,0
DA:70,0
DA:71,0
DA:73,0
DA:74,0
DA:75,0
DA:77,0
DA:82,0
DA:83,0
DA:84,0
DA:85,0
DA:87,0
DA:88,0
DA:90,0
DA:91,0
DA:92,0
DA:94,0
DA:99,0
DA:100,0
DA:101,0
DA:102,0
DA:103,0
DA:105,0
DA:110,0
DA:111,0
DA:112,0
DA:113,0
DA:114,0
DA:116,0
DA:121,0
DA:122,0
DA:123,0
DA:124,0
DA:125,0
DA:127,0
DA:132,0
DA:133,0
DA:134,0
DA:135,0
DA:137,0
DA:138,0
DA:140,0
DA:141,0
DA:142,0
DA:143,0
DA:145,0
DA:150,0
DA:151,0
DA:152,0
DA:153,0
DA:155,0
DA:156,0
DA:158,0
DA:159,0
DA:160,0
DA:161,0
DA:163,0
DA:168,0
DA:169,0
DA:170,0
DA:171,0
DA:173,0
DA:174,0
DA:176,0
DA:177,0
DA:178,0
DA:179,0
DA:181,0
DA:186,0
DA:187,0
DA:188,0
DA:189,0
DA:191,0
DA:192,0
DA:194,0
DA:195,0
DA:196,0
DA:198,0
DA:203,0
DA:204,0
DA:205,0
DA:206,0
DA:208,0
DA:209,0
DA:211,0
DA:212,0
DA:213,0
DA:215,0
LF:128
LH:0
BRDA:12,0,0,0
BRDA:12,0,1,0
BRDA:23,1,0,0
BRDA:23,1,1,0
BRDA:23,2,0,0
BRDA:23,2,1,0
BRDA:33,3,0,0
BRDA:33,3,1,0
BRDA:34,4,0,0
BRDA:34,4,1,0
BRDA:37,5,0,0
BRDA:37,5,1,0
BRDA:40,6,0,0
BRDA:40,6,1,0
BRDA:50,7,0,0
BRDA:50,7,1,0
BRDA:51,8,0,0
BRDA:51,8,1,0
BRDA:54,9,0,0
BRDA:54,9,1,0
BRDA:57,10,0,0
BRDA:57,10,1,0
BRDA:67,11,0,0
BRDA:67,11,1,0
BRDA:68,12,0,0
BRDA:68,12,1,0
BRDA:71,13,0,0
BRDA:71,13,1,0
BRDA:74,14,0,0
BRDA:74,14,1,0
BRDA:84,15,0,0
BRDA:84,15,1,0
BRDA:85,16,0,0
BRDA:85,16,1,0
BRDA:88,17,0,0
BRDA:88,17,1,0
BRDA:91,18,0,0
BRDA:91,18,1,0
BRDA:102,19,0,0
BRDA:102,19,1,0
BRDA:102,20,0,0
BRDA:102,20,1,0
BRDA:113,21,0,0
BRDA:113,21,1,0
BRDA:113,22,0,0
BRDA:113,22,1,0
BRDA:124,23,0,0
BRDA:124,23,1,0
BRDA:124,24,0,0
BRDA:124,24,1,0
BRDA:134,25,0,0
BRDA:134,25,1,0
BRDA:135,26,0,0
BRDA:135,26,1,0
BRDA:138,27,0,0
BRDA:138,27,1,0
BRDA:142,28,0,0
BRDA:142,28,1,0
BRDA:152,29,0,0
BRDA:152,29,1,0
BRDA:153,30,0,0
BRDA:153,30,1,0
BRDA:156,31,0,0
BRDA:156,31,1,0
BRDA:160,32,0,0
BRDA:160,32,1,0
BRDA:170,33,0,0
BRDA:170,33,1,0
BRDA:171,34,0,0
BRDA:171,34,1,0
BRDA:174,35,0,0
BRDA:174,35,1,0
BRDA:178,36,0,0
BRDA:178,36,1,0
BRDA:188,37,0,0
BRDA:188,37,1,0
BRDA:189,38,0,0
BRDA:189,38,1,0
BRDA:192,39,0,0
BRDA:192,39,1,0
BRDA:195,40,0,0
BRDA:195,40,1,0
BRDA:205,41,0,0
BRDA:205,41,1,0
BRDA:206,42,0,0
BRDA:206,42,1,0
BRDA:209,43,0,0
BRDA:209,43,1,0
BRDA:212,44,0,0
BRDA:212,44,1,0
BRF:90
BRH:0
end_of_record
TN:
SF:src\approvals\approvals.route.ts
FN:5,(anonymous_0)
FN:9,(anonymous_1)
FN:20,(anonymous_2)
FN:31,(anonymous_3)
FN:42,(anonymous_4)
FN:53,(anonymous_5)
FN:64,(anonymous_6)
FN:75,(anonymous_7)
FN:86,(anonymous_8)
FN:97,(anonymous_9)
FN:108,(anonymous_10)
FN:119,(anonymous_11)
FN:130,(anonymous_12)
FN:141,(anonymous_13)
FNF:14
FNH:0
FNDA:0,(anonymous_0)
FNDA:0,(anonymous_1)
FNDA:0,(anonymous_2)
FNDA:0,(anonymous_3)
FNDA:0,(anonymous_4)
FNDA:0,(anonymous_5)
FNDA:0,(anonymous_6)
FNDA:0,(anonymous_7)
FNDA:0,(anonymous_8)
FNDA:0,(anonymous_9)
FNDA:0,(anonymous_10)
FNDA:0,(anonymous_11)
FNDA:0,(anonymous_12)
FNDA:0,(anonymous_13)
DA:2,0
DA:3,0
DA:5,0
DA:7,0
DA:10,0
DA:11,0
DA:13,0
DA:18,0
DA:21,0
DA:22,0
DA:24,0
DA:29,0
DA:32,0
DA:33,0
DA:35,0
DA:40,0
DA:43,0
DA:44,0
DA:46,0
DA:51,0
DA:54,0
DA:55,0
DA:57,0
DA:62,0
DA:65,0
DA:66,0
DA:68,0
DA:73,0
DA:76,0
DA:77,0
DA:79,0
DA:84,0
DA:87,0
DA:88,0
DA:90,0
DA:95,0
DA:98,0
DA:99,0
DA:101,0
DA:106,0
DA:109,0
DA:110,0
DA:112,0
DA:117,0
DA:120,0
DA:121,0
DA:123,0
DA:128,0
DA:131,0
DA:132,0
DA:134,0
DA:139,0
DA:142,0
DA:143,0
DA:145,0
DA:150,0
LF:56
LH:0
BRF:0
BRH:0
end_of_record
TN:
SF:src\approvals\approvals.service.ts
FN:6,(anonymous_1)
FN:12,(anonymous_2)
FN:18,(anonymous_3)
FN:24,(anonymous_4)
FN:30,(anonymous_5)
FN:36,(anonymous_6)
FN:42,(anonymous_7)
FN:48,(anonymous_8)
FN:54,(anonymous_9)
FN:60,(anonymous_10)
FN:69,(anonymous_11)
FN:78,(anonymous_12)
FN:87,(anonymous_13)
FN:93,(anonymous_14)
FNF:14
FNH:0
FNDA:0,(anonymous_1)
FNDA:0,(anonymous_2)
FNDA:0,(anonymous_3)
FNDA:0,(anonymous_4)
FNDA:0,(anonymous_5)
FNDA:0,(anonymous_6)
FNDA:0,(anonymous_7)
FNDA:0,(anonymous_8)
FNDA:0,(anonymous_9)
FNDA:0,(anonymous_10)
FNDA:0,(anonymous_11)
FNDA:0,(anonymous_12)
FNDA:0,(anonymous_13)
FNDA:0,(anonymous_14)
DA:1,0
DA:2,0
DA:3,0
DA:6,0
DA:7,0
DA:8,0
DA:12,0
DA:13,0
DA:14,0
DA:18,0
DA:19,0
DA:20,0
DA:24,0
DA:25,0
DA:26,0
DA:30,0
DA:31,0
DA:32,0
DA:36,0
DA:37,0
DA:38,0
DA:42,0
DA:43,0
DA:44,0
DA:48,0
DA:49,0
DA:50,0
DA:54,0
DA:55,0
DA:56,0
DA:60,0
DA:61,0
DA:65,0
DA:69,0
DA:70,0
DA:74,0
DA:78,0
DA:79,0
DA:83,0
DA:87,0
DA:88,0
DA:89,0
DA:93,0
DA:94,0
DA:95,0
LF:45
LH:0
BRF:0
BRH:0
end_of_record
TN:
SF:src\auth\auth.controller.ts
FN:11,(anonymous_1)
FN:27,(anonymous_2)
FN:41,(anonymous_3)
FN:52,(anonymous_4)
FN:100,(anonymous_5)
FN:119,(anonymous_6)
FNF:6
FNH:0
FNDA:0,(anonymous_1)
FNDA:0,(anonymous_2)
FNDA:0,(anonymous_3)
FNDA:0,(anonymous_4)
FNDA:0,(anonymous_5)
FNDA:0,(anonymous_6)
DA:2,0
DA:3,0
DA:5,0
DA:6,0
DA:11,0
DA:12,0
DA:13,0
DA:14,0
DA:15,0
DA:16,0
DA:18,0
DA:19,0
DA:20,0
DA:22,0
DA:27,0
DA:28,0
DA:29,0
DA:30,0
DA:32,0
DA:33,0
DA:34,0
DA:36,0
DA:41,0
DA:42,0
DA:43,0
DA:44,0
DA:45,0
DA:47,0
DA:52,0
DA:53,0
DA:58,0
DA:59,0
DA:60,0
DA:63,0
DA:64,0
DA:67,0
DA:78,0
DA:79,0
DA:81,0
DA:82,0
DA:95,0
DA:100,0
DA:101,0
DA:102,0
DA:103,0
DA:105,0
DA:106,0
DA:108,0
DA:109,0
DA:110,0
DA:111,0
DA:113,0
DA:119,0
DA:120,0
DA:121,0
DA:122,0
DA:124,0
DA:125,0
DA:127,0
DA:128,0
DA:129,0
DA:131,0
LF:62
LH:0
BRDA:19,0,0,0
BRDA:19,0,1,0
BRDA:29,1,0,0
BRDA:29,1,1,0
BRDA:30,2,0,0
BRDA:30,2,1,0
BRDA:33,3,0,0
BRDA:33,3,1,0
BRDA:44,4,0,0
BRDA:44,4,1,0
BRDA:44,5,0,0
BRDA:44,5,1,0
BRDA:60,6,0,0
BRDA:60,6,1,0
BRDA:64,7,0,0
BRDA:64,7,1,0
BRDA:79,8,0,0
BRDA:79,8,1,0
BRDA:102,9,0,0
BRDA:102,9,1,0
BRDA:103,10,0,0
BRDA:103,10,1,0
BRDA:106,11,0,0
BRDA:106,11,1,0
BRDA:110,12,0,0
BRDA:110,12,1,0
BRDA:121,13,0,0
BRDA:121,13,1,0
BRDA:122,14,0,0
BRDA:122,14,1,0
BRDA:125,15,0,0
BRDA:125,15,1,0
BRDA:128,16,0,0
BRDA:128,16,1,0
BRF:34
BRH:0
end_of_record
TN:
SF:src\auth\auth.router.ts
FN:6,(anonymous_0)
FN:10,(anonymous_1)
FN:22,(anonymous_2)
FN:32,(anonymous_3)
FN:44,(anonymous_4)
FN:55,(anonymous_5)
FNF:6
FNH:0
FNDA:0,(anonymous_0)
FNDA:0,(anonymous_1)
FNDA:0,(anonymous_2)
FNDA:0,(anonymous_3)
FNDA:0,(anonymous_4)
FNDA:0,(anonymous_5)
DA:3,0
DA:4,0
DA:6,0
DA:8,0
DA:11,0
DA:12,0
DA:14,0
DA:20,0
DA:23,0
DA:24,0
DA:26,0
DA:31,0
DA:33,0
DA:34,0
DA:36,0
DA:42,0
DA:45,0
DA:46,0
DA:48,0
DA:53,0
DA:56,0
DA:57,0
DA:59,0
DA:65,0
LF:24
LH:0
BRF:0
BRH:0
end_of_record
TN:
SF:src\auth\auth.service.ts
FN:6,(anonymous_1)
FN:12,(anonymous_2)
FN:18,(anonymous_3)
FN:24,(anonymous_4)
FN:40,(anonymous_5)
FN:49,(anonymous_6)
FNF:6
FNH:0
FNDA:0,(anonymous_1)
FNDA:0,(anonymous_2)
FNDA:0,(anonymous_3)
FNDA:0,(anonymous_4)
FNDA:0,(anonymous_5)
FNDA:0,(anonymous_6)
DA:1,0
DA:2,0
DA:3,0
DA:6,0
DA:7,0
DA:8,0
DA:12,0
DA:13,0
DA:14,0
DA:18,0
DA:19,0
DA:20,0
DA:24,0
DA:25,0
DA:26,0
DA:40,0
DA:41,0
DA:45,0
DA:49,0
DA:50,0
DA:52,0
LF:21
LH:0
BRF:0
BRH:0
end_of_record
TN:
SF:src\bookings\booking.controller.ts
FN:6,(anonymous_0)
FN:22,(anonymous_1)
FN:33,(anonymous_2)
FN:49,(anonymous_3)
FN:72,(anonymous_4)
FN:97,(anonymous_5)
FNF:6
FNH:0
FNDA:0,(anonymous_0)
FNDA:0,(anonymous_1)
FNDA:0,(anonymous_2)
FNDA:0,(anonymous_3)
FNDA:0,(anonymous_4)
FNDA:0,(anonymous_5)
DA:2,0
DA:3,0
DA:6,0
DA:7,0
DA:8,0
DA:9,0
DA:10,0
DA:11,0
DA:13,0
DA:14,0
DA:15,0
DA:17,0
DA:22,0
DA:23,0
DA:24,0
DA:25,0
DA:26,0
DA:28,0
DA:33,0
DA:34,0
DA:35,0
DA:36,0
DA:37,0
DA:40,0
DA:41,0
DA:42,0
DA:44,0
DA:49,0
DA:50,0
DA:51,0
DA:52,0
DA:53,0
DA:56,0
DA:57,0
DA:58,0
DA:61,0
DA:62,0
DA:63,0
DA:65,0
DA:67,0
DA:72,0
DA:73,0
DA:74,0
DA:75,0
DA:77,0
DA:79,0
DA:80,0
DA:81,0
DA:82,0
DA:85,0
DA:86,0
DA:88,0
DA:89,0
DA:90,0
DA:92,0
DA:97,0
DA:98,0
DA:99,0
DA:100,0
DA:101,0
DA:105,0
DA:106,0
DA:108,0
DA:109,0
DA:110,0
DA:112,0
LF:66
LH:0
BRDA:9,0,0,0
BRDA:9,0,1,0
BRDA:9,1,0,0
BRDA:9,1,1,0
BRDA:14,2,0,0
BRDA:14,2,1,0
BRDA:25,3,0,0
BRDA:25,3,1,0
BRDA:25,4,0,0
BRDA:25,4,1,0
BRDA:35,5,0,0
BRDA:35,5,1,0
BRDA:36,6,0,0
BRDA:36,6,1,0
BRDA:41,7,0,0
BRDA:41,7,1,0
BRDA:51,8,0,0
BRDA:51,8,1,0
BRDA:52,9,0,0
BRDA:52,9,1,0
BRDA:57,10,0,0
BRDA:57,10,1,0
BRDA:62,11,0,0
BRDA:62,11,1,0
BRDA:74,12,0,0
BRDA:74,12,1,0
BRDA:75,13,0,0
BRDA:75,13,1,0
BRDA:79,14,0,0
BRDA:79,14,1,0
BRDA:79,15,0,0
BRDA:79,15,1,0
BRDA:79,15,2,0
BRDA:86,16,0,0
BRDA:86,16,1,0
BRDA:89,17,0,0
BRDA:89,17,1,0
BRDA:99,18,0,0
BRDA:99,18,1,0
BRDA:100,19,0,0
BRDA:100,19,1,0
BRDA:106,20,0,0
BRDA:106,20,1,0
BRDA:109,21,0,0
BRDA:109,21,1,0
BRF:45
BRH:0
end_of_record
TN:
SF:src\bookings\booking.route.ts
FN:5,(anonymous_0)
FN:9,(anonymous_1)
FN:20,(anonymous_2)
FN:31,(anonymous_3)
FN:42,(anonymous_4)
FN:53,(anonymous_5)
FN:64,(anonymous_6)
FNF:7
FNH:0
FNDA:0,(anonymous_0)
FNDA:0,(anonymous_1)
FNDA:0,(anonymous_2)
FNDA:0,(anonymous_3)
FNDA:0,(anonymous_4)
FNDA:0,(anonymous_5)
FNDA:0,(anonymous_6)
DA:2,0
DA:3,0
DA:5,0
DA:7,0
DA:10,0
DA:11,0
DA:13,0
DA:18,0
DA:21,0
DA:22,0
DA:24,0
DA:29,0
DA:32,0
DA:33,0
DA:35,0
DA:40,0
DA:43,0
DA:44,0
DA:46,0
DA:51,0
DA:54,0
DA:55,0
DA:57,0
DA:62,0
DA:65,0
DA:66,0
DA:68,0
DA:72,0
LF:28
LH:0
BRF:0
BRH:0
end_of_record
TN:
SF:src\bookings\booking.service.ts
FN:7,(anonymous_1)
FN:13,(anonymous_2)
FN:19,(anonymous_3)
FN:25,(anonymous_4)
FN:41,(anonymous_5)
FN:50,(anonymous_6)
FNF:6
FNH:0
FNDA:0,(anonymous_1)
FNDA:0,(anonymous_2)
FNDA:0,(anonymous_3)
FNDA:0,(anonymous_4)
FNDA:0,(anonymous_5)
FNDA:0,(anonymous_6)
DA:1,0
DA:2,0
DA:3,0
DA:7,0
DA:8,0
DA:9,0
DA:13,0
DA:14,0
DA:15,0
DA:19,0
DA:20,0
DA:21,0
DA:25,0
DA:26,0
DA:37,0
DA:41,0
DA:42,0
DA:46,0
DA:50,0
DA:51,0
DA:52,0
LF:21
LH:0
BRF:0
BRH:0
end_of_record
TN:
SF:src\guests\guest.controller.ts
FN:9,(anonymous_1)
FN:51,(anonymous_2)
FN:90,(anonymous_3)
FN:101,(anonymous_4)
FN:119,(anonymous_5)
FN:136,(anonymous_6)
FN:153,(anonymous_7)
FN:177,(anonymous_8)
FN:202,(anonymous_9)
FNF:9
FNH:0
FNDA:0,(anonymous_1)
FNDA:0,(anonymous_2)
FNDA:0,(anonymous_3)
FNDA:0,(anonymous_4)
FNDA:0,(anonymous_5)
FNDA:0,(anonymous_6)
FNDA:0,(anonymous_7)
FNDA:0,(anonymous_8)
FNDA:0,(anonymous_9)
DA:1,0
DA:2,0
DA:3,0
DA:5,0
DA:6,0
DA:9,0
DA:10,0
DA:11,0
DA:12,0
DA:13,0
DA:14,0
DA:16,0
DA:17,0
DA:18,0
DA:20,0
DA:21,0
DA:22,0
DA:24,0
DA:25,0
DA:36,0
DA:37,0
DA:44,0
DA:46,0
DA:51,0
DA:52,0
DA:53,0
DA:54,0
DA:55,0
DA:58,0
DA:69,0
DA:70,0
DA:72,0
DA:73,0
DA:85,0
DA:90,0
DA:91,0
DA:92,0
DA:93,0
DA:94,0
DA:96,0
DA:101,0
DA:102,0
DA:103,0
DA:104,0
DA:105,0
DA:111,0
DA:112,0
DA:113,0
DA:115,0
DA:119,0
DA:120,0
DA:121,0
DA:122,0
DA:123,0
DA:125,0
DA:126,0
DA:127,0
DA:129,0
DA:131,0
DA:136,0
DA:137,0
DA:138,0
DA:139,0
DA:140,0
DA:142,0
DA:143,0
DA:144,0
DA:146,0
DA:148,0
DA:153,0
DA:154,0
DA:155,0
DA:156,0
DA:157,0
DA:160,0
DA:161,0
DA:162,0
DA:163,0
DA:166,0
DA:167,0
DA:168,0
DA:170,0
DA:172,0
DA:177,0
DA:178,0
DA:183,0
DA:184,0
DA:185,0
DA:188,0
DA:189,0
DA:190,0
DA:193,0
DA:194,0
DA:195,0
DA:197,0
DA:202,0
DA:203,0
DA:204,0
DA:205,0
DA:207,0
DA:208,0
DA:210,0
DA:211,0
DA:212,0
DA:214,0
LF:105
LH:0
BRDA:21,0,0,0
BRDA:21,0,1,0
BRDA:40,1,0,0
BRDA:40,1,1,0
BRDA:55,2,0,0
BRDA:55,2,1,0
BRDA:70,3,0,0
BRDA:70,3,1,0
BRDA:93,4,0,0
BRDA:93,4,1,0
BRDA:93,5,0,0
BRDA:93,5,1,0
BRDA:103,6,0,0
BRDA:103,6,1,0
BRDA:104,7,0,0
BRDA:104,7,1,0
BRDA:112,8,0,0
BRDA:112,8,1,0
BRDA:112,9,0,0
BRDA:112,9,1,0
BRDA:121,10,0,0
BRDA:121,10,1,0
BRDA:122,11,0,0
BRDA:122,11,1,0
BRDA:126,12,0,0
BRDA:126,12,1,0
BRDA:126,13,0,0
BRDA:126,13,1,0
BRDA:138,14,0,0
BRDA:138,14,1,0
BRDA:139,15,0,0
BRDA:139,15,1,0
BRDA:143,16,0,0
BRDA:143,16,1,0
BRDA:143,17,0,0
BRDA:143,17,1,0
BRDA:155,18,0,0
BRDA:155,18,1,0
BRDA:156,19,0,0
BRDA:156,19,1,0
BRDA:162,20,0,0
BRDA:162,20,1,0
BRDA:162,21,0,0
BRDA:162,21,1,0
BRDA:167,22,0,0
BRDA:167,22,1,0
BRDA:183,23,0,0
BRDA:183,23,1,0
BRDA:184,24,0,0
BRDA:184,24,1,0
BRDA:189,25,0,0
BRDA:189,25,1,0
BRDA:194,26,0,0
BRDA:194,26,1,0
BRDA:204,27,0,0
BRDA:204,27,1,0
BRDA:205,28,0,0
BRDA:205,28,1,0
BRDA:208,29,0,0
BRDA:208,29,1,0
BRDA:211,30,0,0
BRDA:211,30,1,0
BRF:62
BRH:0
end_of_record
TN:
SF:src\guests\guest.route.ts
FN:5,(anonymous_0)
FN:9,(anonymous_1)
FN:20,(anonymous_2)
FN:31,(anonymous_3)
FN:42,(anonymous_4)
FN:53,(anonymous_5)
FN:64,(anonymous_6)
FN:75,(anonymous_7)
FN:87,(anonymous_8)
FN:99,(anonymous_9)
FNF:10
FNH:0
FNDA:0,(anonymous_0)
FNDA:0,(anonymous_1)
FNDA:0,(anonymous_2)
FNDA:0,(anonymous_3)
FNDA:0,(anonymous_4)
FNDA:0,(anonymous_5)
FNDA:0,(anonymous_6)
FNDA:0,(anonymous_7)
FNDA:0,(anonymous_8)
FNDA:0,(anonymous_9)
DA:2,0
DA:3,0
DA:5,0
DA:7,0
DA:10,0
DA:11,0
DA:13,0
DA:18,0
DA:21,0
DA:22,0
DA:24,0
DA:29,0
DA:32,0
DA:33,0
DA:35,0
DA:40,0
DA:43,0
DA:44,0
DA:46,0
DA:51,0
DA:54,0
DA:55,0
DA:57,0
DA:62,0
DA:65,0
DA:66,0
DA:68,0
DA:73,0
DA:76,0
DA:77,0
DA:79,0
DA:84,0
DA:88,0
DA:89,0
DA:91,0
DA:96,0
DA:100,0
DA:101,0
DA:103,0
DA:109,0
LF:40
LH:0
BRF:0
BRH:0
end_of_record
TN:
SF:src\guests\guest.service.ts
FN:6,(anonymous_1)
FN:12,(anonymous_2)
FN:27,(anonymous_3)
FN:33,(anonymous_4)
FN:47,(anonymous_5)
FN:61,(anonymous_6)
FN:76,(anonymous_7)
FN:85,(anonymous_8)
FN:90,(anonymous_9)
FNF:9
FNH:0
FNDA:0,(anonymous_1)
FNDA:0,(anonymous_2)
FNDA:0,(anonymous_3)
FNDA:0,(anonymous_4)
FNDA:0,(anonymous_5)
FNDA:0,(anonymous_6)
FNDA:0,(anonymous_7)
FNDA:0,(anonymous_8)
FNDA:0,(anonymous_9)
DA:1,0
DA:2,0
DA:3,0
DA:6,0
DA:7,0
DA:8,0
DA:12,0
DA:13,0
DA:14,0
DA:27,0
DA:28,0
DA:29,0
DA:33,0
DA:34,0
DA:43,0
DA:47,0
DA:48,0
DA:57,0
DA:61,0
DA:62,0
DA:72,0
DA:76,0
DA:77,0
DA:81,0
DA:85,0
DA:86,0
DA:87,0
DA:90,0
DA:91,0
DA:92,0
LF:30
LH:0
BRDA:81,0,0,0
BRDA:81,0,1,0
BRF:2
BRH:0
end_of_record
TN:
SF:src\mailer\mailer.ts
FN:5,(anonymous_1)
FNF:1
FNH:0
FNDA:0,(anonymous_1)
DA:1,0
DA:2,0
DA:5,0
DA:11,0
DA:12,0
DA:14,0
DA:15,0
DA:18,0
DA:19,0
DA:30,0
DA:38,0
DA:40,0
DA:41,0
DA:44,0
DA:45,0
DA:48,0
DA:50,0
DA:51,0
LF:18
LH:0
BRDA:14,0,0,0
BRDA:14,0,1,0
BRDA:14,1,0,0
BRDA:14,1,1,0
BRDA:20,2,0,0
BRDA:20,2,1,0
BRDA:21,3,0,0
BRDA:21,3,1,0
BRDA:21,4,0,0
BRDA:21,4,1,0
BRDA:22,5,0,0
BRDA:22,5,1,0
BRDA:23,6,0,0
BRDA:23,6,1,0
BRDA:25,7,0,0
BRDA:25,7,1,0
BRDA:26,8,0,0
BRDA:26,8,1,0
BRDA:31,9,0,0
BRDA:31,9,1,0
BRDA:40,10,0,0
BRDA:40,10,1,0
BRDA:44,11,0,0
BRDA:44,11,1,0
BRDA:50,12,0,0
BRDA:50,12,1,0
BRF:26
BRH:0
end_of_record
TN:
SF:src\middleware\bearAuth.ts
FN:34,(anonymous_1)
FN:35,(anonymous_2)
FNF:2
FNH:0
FNDA:0,(anonymous_1)
FNDA:0,(anonymous_2)
DA:1,0
DA:3,0
DA:34,0
DA:35,0
DA:36,0
DA:37,0
DA:38,0
DA:39,0
DA:42,0
DA:43,0
DA:44,0
DA:47,0
DA:48,0
DA:49,0
DA:52,0
DA:53,0
DA:54,0
DA:57,0
DA:63,0
DA:65,0
DA:66,0
DA:67,0
DA:69,0
DA:70,0
DA:71,0
DA:73,0
DA:74,0
DA:76,0
DA:77,0
DA:80,0
DA:81,0
DA:85,0
DA:86,0
DA:87,0
LF:34
LH:0
BRDA:37,0,0,0
BRDA:37,0,1,0
BRDA:37,1,0,0
BRDA:37,1,1,0
BRDA:43,2,0,0
BRDA:43,2,1,0
BRDA:48,3,0,0
BRDA:48,3,1,0
BRDA:57,4,0,0
BRDA:57,4,1,0
BRDA:58,5,0,0
BRDA:58,5,1,0
BRDA:58,5,2,0
BRDA:63,6,0,0
BRDA:63,6,1,0
BRDA:65,7,0,0
BRDA:65,7,1,0
BRDA:65,8,0,0
BRDA:65,8,1,0
BRDA:69,9,0,0
BRDA:69,9,1,0
BRF:21
BRH:0
end_of_record
TN:
SF:src\payments\payments.controller.ts
FN:7,(anonymous_0)
FN:19,(anonymous_1)
FN:30,(anonymous_2)
FN:44,(anonymous_3)
FN:61,(anonymous_4)
FN:84,(anonymous_5)
FNF:6
FNH:0
FNDA:0,(anonymous_0)
FNDA:0,(anonymous_1)
FNDA:0,(anonymous_2)
FNDA:0,(anonymous_3)
FNDA:0,(anonymous_4)
FNDA:0,(anonymous_5)
DA:2,0
DA:4,0
DA:7,0
DA:8,0
DA:9,0
DA:10,0
DA:11,0
DA:12,0
DA:14,0
DA:19,0
DA:20,0
DA:21,0
DA:22,0
DA:23,0
DA:25,0
DA:30,0
DA:31,0
DA:32,0
DA:33,0
DA:35,0
DA:36,0
DA:37,0
DA:39,0
DA:44,0
DA:45,0
DA:46,0
DA:47,0
DA:49,0
DA:50,0
DA:52,0
DA:53,0
DA:54,0
DA:56,0
DA:61,0
DA:62,0
DA:63,0
DA:64,0
DA:66,0
DA:68,0
DA:69,0
DA:72,0
DA:73,0
DA:75,0
DA:76,0
DA:77,0
DA:79,0
DA:84,0
DA:85,0
DA:86,0
DA:87,0
DA:89,0
DA:90,0
DA:92,0
DA:93,0
DA:94,0
DA:96,0
LF:56
LH:0
BRDA:11,0,0,0
BRDA:11,0,1,0
BRDA:22,1,0,0
BRDA:22,1,1,0
BRDA:22,2,0,0
BRDA:22,2,1,0
BRDA:32,3,0,0
BRDA:32,3,1,0
BRDA:33,4,0,0
BRDA:33,4,1,0
BRDA:36,5,0,0
BRDA:36,5,1,0
BRDA:46,6,0,0
BRDA:46,6,1,0
BRDA:47,7,0,0
BRDA:47,7,1,0
BRDA:50,8,0,0
BRDA:50,8,1,0
BRDA:53,9,0,0
BRDA:53,9,1,0
BRDA:63,10,0,0
BRDA:63,10,1,0
BRDA:64,11,0,0
BRDA:64,11,1,0
BRDA:68,12,0,0
BRDA:68,12,1,0
BRDA:73,13,0,0
BRDA:73,13,1,0
BRDA:76,14,0,0
BRDA:76,14,1,0
BRDA:86,15,0,0
BRDA:86,15,1,0
BRDA:87,16,0,0
BRDA:87,16,1,0
BRDA:90,17,0,0
BRDA:90,17,1,0
BRDA:93,18,0,0
BRDA:93,18,1,0
BRF:38
BRH:0
end_of_record
TN:
SF:src\payments\payments.route.ts
FN:5,(anonymous_0)
FN:9,(anonymous_1)
FN:20,(anonymous_2)
FN:31,(anonymous_3)
FN:42,(anonymous_4)
FN:53,(anonymous_5)
FN:64,(anonymous_6)
FNF:7
FNH:0
FNDA:0,(anonymous_0)
FNDA:0,(anonymous_1)
FNDA:0,(anonymous_2)
FNDA:0,(anonymous_3)
FNDA:0,(anonymous_4)
FNDA:0,(anonymous_5)
FNDA:0,(anonymous_6)
DA:2,0
DA:3,0
DA:5,0
DA:7,0
DA:10,0
DA:11,0
DA:13,0
DA:18,0
DA:21,0
DA:22,0
DA:24,0
DA:29,0
DA:32,0
DA:33,0
DA:35,0
DA:40,0
DA:43,0
DA:44,0
DA:46,0
DA:51,0
DA:54,0
DA:55,0
DA:57,0
DA:62,0
DA:65,0
DA:66,0
DA:68,0
DA:72,0
LF:28
LH:0
BRF:0
BRH:0
end_of_record
TN:
SF:src\payments\payments.service.ts
FN:6,(anonymous_1)
FN:12,(anonymous_2)
FN:18,(anonymous_3)
FN:24,(anonymous_4)
FN:39,(anonymous_5)
FN:48,(anonymous_6)
FNF:6
FNH:0
FNDA:0,(anonymous_1)
FNDA:0,(anonymous_2)
FNDA:0,(anonymous_3)
FNDA:0,(anonymous_4)
FNDA:0,(anonymous_5)
FNDA:0,(anonymous_6)
DA:1,0
DA:2,0
DA:3,0
DA:6,0
DA:7,0
DA:8,0
DA:12,0
DA:13,0
DA:14,0
DA:18,0
DA:19,0
DA:20,0
DA:24,0
DA:25,0
DA:35,0
DA:39,0
DA:40,0
DA:44,0
DA:48,0
DA:49,0
DA:51,0
LF:21
LH:0
BRF:0
BRH:0
end_of_record
TN:
SF:src\reviews\reviews.controller.ts
FN:7,(anonymous_0)
FN:18,(anonymous_1)
FN:29,(anonymous_2)
FN:43,(anonymous_3)
FN:60,(anonymous_4)
FN:81,(anonymous_5)
FN:104,(anonymous_6)
FNF:7
FNH:0
FNDA:0,(anonymous_0)
FNDA:0,(anonymous_1)
FNDA:0,(anonymous_2)
FNDA:0,(anonymous_3)
FNDA:0,(anonymous_4)
FNDA:0,(anonymous_5)
FNDA:0,(anonymous_6)
DA:2,0
DA:3,0
DA:7,0
DA:8,0
DA:9,0
DA:10,0
DA:11,0
DA:13,0
DA:18,0
DA:19,0
DA:20,0
DA:21,0
DA:22,0
DA:24,0
DA:29,0
DA:30,0
DA:31,0
DA:32,0
DA:34,0
DA:35,0
DA:36,0
DA:38,0
DA:43,0
DA:44,0
DA:45,0
DA:46,0
DA:48,0
DA:49,0
DA:51,0
DA:52,0
DA:53,0
DA:55,0
DA:60,0
DA:61,0
DA:62,0
DA:63,0
DA:65,0
DA:66,0
DA:68,0
DA:69,0
DA:70,0
DA:72,0
DA:73,0
DA:74,0
DA:76,0
DA:81,0
DA:82,0
DA:83,0
DA:84,0
DA:86,0
DA:87,0
DA:89,0
DA:90,0
DA:91,0
DA:93,0
DA:95,0
DA:96,0
DA:97,0
DA:99,0
DA:104,0
DA:105,0
DA:106,0
DA:107,0
DA:109,0
DA:110,0
DA:112,0
DA:113,0
DA:114,0
DA:116,0
LF:69
LH:0
BRDA:21,0,0,0
BRDA:21,0,1,0
BRDA:21,1,0,0
BRDA:21,1,1,0
BRDA:31,2,0,0
BRDA:31,2,1,0
BRDA:32,3,0,0
BRDA:32,3,1,0
BRDA:35,4,0,0
BRDA:35,4,1,0
BRDA:45,5,0,0
BRDA:45,5,1,0
BRDA:46,6,0,0
BRDA:46,6,1,0
BRDA:49,7,0,0
BRDA:49,7,1,0
BRDA:52,8,0,0
BRDA:52,8,1,0
BRDA:62,9,0,0
BRDA:62,9,1,0
BRDA:63,10,0,0
BRDA:63,10,1,0
BRDA:66,11,0,0
BRDA:66,11,1,0
BRDA:69,12,0,0
BRDA:69,12,1,0
BRDA:73,13,0,0
BRDA:73,13,1,0
BRDA:83,14,0,0
BRDA:83,14,1,0
BRDA:84,15,0,0
BRDA:84,15,1,0
BRDA:87,16,0,0
BRDA:87,16,1,0
BRDA:90,17,0,0
BRDA:90,17,1,0
BRDA:93,18,0,0
BRDA:93,18,1,0
BRDA:96,19,0,0
BRDA:96,19,1,0
BRDA:106,20,0,0
BRDA:106,20,1,0
BRDA:107,21,0,0
BRDA:107,21,1,0
BRDA:110,22,0,0
BRDA:110,22,1,0
BRDA:113,23,0,0
BRDA:113,23,1,0
BRF:48
BRH:0
end_of_record
TN:
SF:src\reviews\reviews.route.ts
FN:5,(anonymous_0)
FN:9,(anonymous_1)
FN:20,(anonymous_2)
FN:31,(anonymous_3)
FN:42,(anonymous_4)
FN:53,(anonymous_5)
FN:64,(anonymous_6)
FN:75,(anonymous_7)
FNF:8
FNH:0
FNDA:0,(anonymous_0)
FNDA:0,(anonymous_1)
FNDA:0,(anonymous_2)
FNDA:0,(anonymous_3)
FNDA:0,(anonymous_4)
FNDA:0,(anonymous_5)
FNDA:0,(anonymous_6)
FNDA:0,(anonymous_7)
DA:2,0
DA:3,0
DA:5,0
DA:7,0
DA:10,0
DA:11,0
DA:13,0
DA:18,0
DA:21,0
DA:22,0
DA:24,0
DA:29,0
DA:32,0
DA:33,0
DA:35,0
DA:40,0
DA:43,0
DA:44,0
DA:46,0
DA:51,0
DA:54,0
DA:55,0
DA:57,0
DA:62,0
DA:65,0
DA:66,0
DA:68,0
DA:73,0
DA:76,0
DA:77,0
DA:79,0
DA:83,0
LF:32
LH:0
BRF:0
BRH:0
end_of_record
TN:
SF:src\reviews\reviews.service.ts
FN:6,(anonymous_1)
FN:12,(anonymous_2)
FN:18,(anonymous_3)
FN:24,(anonymous_4)
FN:40,(anonymous_5)
FN:49,(anonymous_6)
FN:58,(anonymous_7)
FNF:7
FNH:0
FNDA:0,(anonymous_1)
FNDA:0,(anonymous_2)
FNDA:0,(anonymous_3)
FNDA:0,(anonymous_4)
FNDA:0,(anonymous_5)
FNDA:0,(anonymous_6)
FNDA:0,(anonymous_7)
DA:1,0
DA:2,0
DA:3,0
DA:6,0
DA:7,0
DA:8,0
DA:12,0
DA:13,0
DA:14,0
DA:18,0
DA:19,0
DA:20,0
DA:24,0
DA:25,0
DA:36,0
DA:40,0
DA:41,0
DA:45,0
DA:49,0
DA:50,0
DA:54,0
DA:58,0
DA:59,0
DA:60,0
LF:24
LH:0
BRF:0
BRH:0
end_of_record
TN:
SF:src\rooms\room.controller.ts
FN:5,(anonymous_0)
FN:18,(anonymous_1)
FN:31,(anonymous_2)
FN:48,(anonymous_3)
FN:72,(anonymous_4)
FN:95,(anonymous_5)
FN:113,(anonymous_6)
FN:127,(anonymous_7)
FN:140,(anonymous_8)
FNF:9
FNH:0
FNDA:0,(anonymous_0)
FNDA:0,(anonymous_1)
FNDA:0,(anonymous_2)
FNDA:0,(anonymous_3)
FNDA:0,(anonymous_4)
FNDA:0,(anonymous_5)
FNDA:0,(anonymous_6)
FNDA:0,(anonymous_7)
FNDA:0,(anonymous_8)
DA:2,0
DA:5,0
DA:6,0
DA:7,0
DA:8,0
DA:10,0
DA:11,0
DA:13,0
DA:18,0
DA:19,0
DA:20,0
DA:21,0
DA:22,0
DA:24,0
DA:26,0
DA:31,0
DA:32,0
DA:33,0
DA:34,0
DA:35,0
DA:37,0
DA:38,0
DA:39,0
DA:41,0
DA:43,0
DA:48,0
DA:49,0
DA:50,0
DA:51,0
DA:52,0
DA:55,0
DA:56,0
DA:57,0
DA:58,0
DA:61,0
DA:62,0
DA:63,0
DA:65,0
DA:67,0
DA:72,0
DA:73,0
DA:74,0
DA:75,0
DA:76,0
DA:79,0
DA:80,0
DA:81,0
DA:84,0
DA:85,0
DA:86,0
DA:88,0
DA:90,0
DA:95,0
DA:96,0
DA:97,0
DA:98,0
DA:99,0
DA:102,0
DA:103,0
DA:104,0
DA:106,0
DA:108,0
DA:113,0
DA:114,0
DA:115,0
DA:116,0
DA:117,0
DA:119,0
DA:121,0
DA:127,0
DA:128,0
DA:129,0
DA:130,0
DA:131,0
DA:133,0
DA:135,0
DA:140,0
DA:141,0
DA:142,0
DA:143,0
DA:144,0
DA:146,0
DA:148,0
LF:83
LH:0
BRDA:10,0,0,0
BRDA:10,0,1,0
BRDA:21,1,0,0
BRDA:21,1,1,0
BRDA:21,2,0,0
BRDA:21,2,1,0
BRDA:33,3,0,0
BRDA:33,3,1,0
BRDA:34,4,0,0
BRDA:34,4,1,0
BRDA:38,5,0,0
BRDA:38,5,1,0
BRDA:50,6,0,0
BRDA:50,6,1,0
BRDA:51,7,0,0
BRDA:51,7,1,0
BRDA:57,8,0,0
BRDA:57,8,1,0
BRDA:62,9,0,0
BRDA:62,9,1,0
BRDA:62,10,0,0
BRDA:62,10,1,0
BRDA:74,11,0,0
BRDA:74,11,1,0
BRDA:75,12,0,0
BRDA:75,12,1,0
BRDA:80,13,0,0
BRDA:80,13,1,0
BRDA:85,14,0,0
BRDA:85,14,1,0
BRDA:97,15,0,0
BRDA:97,15,1,0
BRDA:98,16,0,0
BRDA:98,16,1,0
BRDA:103,17,0,0
BRDA:103,17,1,0
BRDA:103,18,0,0
BRDA:103,18,1,0
BRDA:116,19,0,0
BRDA:116,19,1,0
BRDA:130,20,0,0
BRDA:130,20,1,0
BRDA:143,21,0,0
BRDA:143,21,1,0
BRF:44
BRH:0
end_of_record
TN:
SF:src\rooms\room.route.ts
FN:6,(anonymous_0)
FN:10,(anonymous_1)
FN:21,(anonymous_2)
FN:32,(anonymous_3)
FN:43,(anonymous_4)
FN:55,(anonymous_5)
FN:67,(anonymous_6)
FN:79,(anonymous_7)
FN:91,(anonymous_8)
FN:103,(anonymous_9)
FNF:10
FNH:0
FNDA:0,(anonymous_0)
FNDA:0,(anonymous_1)
FNDA:0,(anonymous_2)
FNDA:0,(anonymous_3)
FNDA:0,(anonymous_4)
FNDA:0,(anonymous_5)
FNDA:0,(anonymous_6)
FNDA:0,(anonymous_7)
FNDA:0,(anonymous_8)
FNDA:0,(anonymous_9)
DA:2,0
DA:3,0
DA:6,0
DA:8,0
DA:11,0
DA:12,0
DA:14,0
DA:19,0
DA:22,0
DA:23,0
DA:25,0
DA:30,0
DA:33,0
DA:34,0
DA:36,0
DA:41,0
DA:44,0
DA:45,0
DA:47,0
DA:53,0
DA:56,0
DA:57,0
DA:59,0
DA:65,0
DA:68,0
DA:69,0
DA:71,0
DA:77,0
DA:80,0
DA:81,0
DA:83,0
DA:89,0
DA:92,0
DA:93,0
DA:95,0
DA:101,0
DA:104,0
DA:105,0
DA:107,0
DA:112,0
LF:40
LH:0
BRF:0
BRH:0
end_of_record
TN:
SF:src\rooms\room.service.ts
FN:6,(anonymous_1)
FN:15,(anonymous_2)
FN:24,(anonymous_3)
FN:30,(anonymous_4)
FN:39,(anonymous_5)
FN:45,(anonymous_6)
FN:65,(anonymous_7)
FN:74,(anonymous_8)
FN:95,(anonymous_9)
FNF:9
FNH:0
FNDA:0,(anonymous_1)
FNDA:0,(anonymous_2)
FNDA:0,(anonymous_3)
FNDA:0,(anonymous_4)
FNDA:0,(anonymous_5)
FNDA:0,(anonymous_6)
FNDA:0,(anonymous_7)
FNDA:0,(anonymous_8)
FNDA:0,(anonymous_9)
DA:1,0
DA:2,0
DA:3,0
DA:6,0
DA:7,0
DA:8,0
DA:9,0
DA:11,0
DA:15,0
DA:16,0
DA:20,0
DA:24,0
DA:25,0
DA:26,0
DA:30,0
DA:31,0
DA:35,0
DA:39,0
DA:40,0
DA:41,0
DA:45,0
DA:46,0
DA:61,0
DA:65,0
DA:66,0
DA:70,0
DA:74,0
DA:75,0
DA:91,0
DA:95,0
DA:97,0
DA:105,0
LF:32
LH:0
BRDA:8,0,0,0
BRDA:8,0,1,0
BRF:2
BRH:0
end_of_record
